2020-10-13 00:08:57.767 WARN  org.springframework.boot.web.servlet.context.AnnotationConfigServletWebServerApplicationContext Line:554 - Exception encountered during context initialization - cancelling refresh attempt: org.springframework.beans.factory.UnsatisfiedDependencyException: Error creating bean with name 'org.springframework.scheduling.annotation.ProxyAsyncConfiguration': Unsatisfied dependency expressed through method 'setConfigurers' parameter 0; nested exception is org.springframework.beans.factory.BeanCreationException: Error creating bean with name 'shiroFilterFactoryBean' defined in class path resource [com/yushang/wallpaper/common/config/Shiro/filter/DefinedShiroFilter.class]: Bean instantiation via factory method failed; nested exception is org.springframework.beans.BeanInstantiationException: Failed to instantiate [org.apache.shiro.spring.web.ShiroFilterFactoryBean]: Factory method 'shiroFilterFactoryBean' threw exception; nested exception is org.springframework.beans.factory.BeanCreationException: Error creating bean with name 'securityManager' defined in class path resource [com/yushang/wallpaper/common/config/Shiro/filter/DefinedShiroFilter.class]: Bean instantiation via factory method failed; nested exception is org.springframework.beans.BeanInstantiationException: Failed to instantiate [org.apache.shiro.mgt.SecurityManager]: Factory method 'securityManager' threw exception; nested exception is org.springframework.beans.factory.UnsatisfiedDependencyException: Error creating bean with name 'getDefinedRealm': Unsatisfied dependency expressed through field 'userService'; nested exception is org.springframework.beans.factory.BeanCreationException: Error creating bean with name 'userServiceImpl': Injection of resource dependencies failed; nested exception is org.springframework.beans.factory.UnsatisfiedDependencyException: Error creating bean with name 'userMapper' defined in file [D:\Java\JavaProjects\wallpaper\wallpaper\target\classes\com\yushang\wallpaper\common\mapper\UserMapper.class]: Unsatisfied dependency expressed through bean property 'sqlSessionFactory'; nested exception is org.springframework.beans.factory.BeanCreationException: Error creating bean with name 'sqlSessionFactory' defined in class path resource [org/mybatis/spring/boot/autoconfigure/MybatisAutoConfiguration.class]: Bean instantiation via factory method failed; nested exception is org.springframework.beans.BeanInstantiationException: Failed to instantiate [org.apache.ibatis.session.SqlSessionFactory]: Factory method 'sqlSessionFactory' threw exception; nested exception is org.springframework.core.NestedIOException: Failed to parse mapping resource: 'file [D:\Java\JavaProjects\wallpaper\wallpaper\target\classes\mapper\user\UserMapper.xml]'; nested exception is org.apache.ibatis.builder.BuilderException: Error parsing Mapper XML. The XML location is 'file [D:\Java\JavaProjects\wallpaper\wallpaper\target\classes\mapper\user\UserMapper.xml]'. Cause: org.apache.ibatis.builder.BuilderException: Error resolving JdbcType. Cause: java.lang.IllegalArgumentException: No enum constant org.apache.ibatis.type.JdbcType.INT
2020-10-13 00:10:28.011 WARN  org.springframework.boot.autoconfigure.orm.jpa.JpaBaseConfiguration$JpaWebConfiguration$JpaWebMvcConfiguration Line:234 - spring.jpa.open-in-view is enabled by default. Therefore, database queries may be performed during view rendering. Explicitly configure spring.jpa.open-in-view to disable this warning
2020-10-13 00:10:29.586 WARN  org.thymeleaf.templatemode.TemplateMode Line:150 - [THYMELEAF][restartedMain] Template Mode 'LEGACYHTML5' is deprecated. Using Template Mode 'HTML' instead.
2020-10-13 00:10:30.577 WARN  org.springframework.boot.web.servlet.context.AnnotationConfigServletWebServerApplicationContext Line:997 - Exception thrown from ApplicationListener handling ContextClosedEvent
org.apache.ibatis.builder.IncompleteElementException: Could not find result map com.yushang.wallpaper.common.mapper.user.UserMapper.BaseResult
	at org.apache.ibatis.builder.MapperBuilderAssistant.getStatementResultMaps(MapperBuilderAssistant.java:346)
	at org.apache.ibatis.builder.MapperBuilderAssistant.addMappedStatement(MapperBuilderAssistant.java:290)
	at org.apache.ibatis.builder.xml.XMLStatementBuilder.parseStatementNode(XMLStatementBuilder.java:109)
	at org.apache.ibatis.session.Configuration.buildAllStatements(Configuration.java:788)
	at org.apache.ibatis.session.Configuration.hasStatement(Configuration.java:758)
	at org.apache.ibatis.session.Configuration.hasStatement(Configuration.java:753)
	at org.apache.ibatis.binding.MapperMethod$SqlCommand.resolveMappedStatement(MapperMethod.java:249)
	at org.apache.ibatis.binding.MapperMethod$SqlCommand.<init>(MapperMethod.java:219)
	at org.apache.ibatis.binding.MapperMethod.<init>(MapperMethod.java:49)
	at org.apache.ibatis.binding.MapperProxy.cachedMapperMethod(MapperProxy.java:65)
	at org.apache.ibatis.binding.MapperProxy.invoke(MapperProxy.java:58)
	at com.sun.proxy.$Proxy82.selectPermissionList(Unknown Source)
	at com.yushang.wallpaper.layer.service.impl.user.UserServiceImpl.selectPermissionList(UserServiceImpl.java:151)
	at com.yushang.wallpaper.common.config.Shiro.permission.ReloadPermission.onApplicationEvent(ReloadPermission.java:32)
	at com.yushang.wallpaper.common.config.Shiro.permission.ReloadPermission.onApplicationEvent(ReloadPermission.java:20)
	at com.yushang.wallpaper.common.config.Shiro.permission.ReloadPermission$$EnhancerBySpringCGLIB$$5c21f52a.onApplicationEvent(<generated>)
	at org.springframework.context.event.SimpleApplicationEventMulticaster.doInvokeListener(SimpleApplicationEventMulticaster.java:172)
	at org.springframework.context.event.SimpleApplicationEventMulticaster.invokeListener(SimpleApplicationEventMulticaster.java:165)
	at org.springframework.context.event.SimpleApplicationEventMulticaster.multicastEvent(SimpleApplicationEventMulticaster.java:139)
	at org.springframework.context.support.AbstractApplicationContext.publishEvent(AbstractApplicationContext.java:398)
	at org.springframework.context.support.AbstractApplicationContext.publishEvent(AbstractApplicationContext.java:355)
	at org.springframework.context.support.AbstractApplicationContext.doClose(AbstractApplicationContext.java:994)
	at org.springframework.context.support.AbstractApplicationContext.close(AbstractApplicationContext.java:961)
	at org.springframework.boot.SpringApplication.handleRunFailure(SpringApplication.java:834)
	at org.springframework.boot.SpringApplication.run(SpringApplication.java:327)
	at org.springframework.boot.SpringApplication.run(SpringApplication.java:1260)
	at org.springframework.boot.SpringApplication.run(SpringApplication.java:1248)
	at com.yushang.wallpaper.WallpaperApplication.main(WallpaperApplication.java:18)
	at sun.reflect.NativeMethodAccessorImpl.invoke0(Native Method)
	at sun.reflect.NativeMethodAccessorImpl.invoke(NativeMethodAccessorImpl.java:62)
	at sun.reflect.DelegatingMethodAccessorImpl.invoke(DelegatingMethodAccessorImpl.java:43)
	at java.lang.reflect.Method.invoke(Method.java:498)
	at org.springframework.boot.devtools.restart.RestartLauncher.run(RestartLauncher.java:49)
Caused by: java.lang.IllegalArgumentException: Result Maps collection does not contain value for com.yushang.wallpaper.common.mapper.user.UserMapper.BaseResult
	at org.apache.ibatis.session.Configuration$StrictMap.get(Configuration.java:888)
	at org.apache.ibatis.session.Configuration.getResultMap(Configuration.java:640)
	at org.apache.ibatis.builder.MapperBuilderAssistant.getStatementResultMaps(MapperBuilderAssistant.java:344)
	... 32 common frames omitted
2020-10-13 00:28:01.370 WARN  org.springframework.boot.autoconfigure.orm.jpa.JpaBaseConfiguration$JpaWebConfiguration$JpaWebMvcConfiguration Line:234 - spring.jpa.open-in-view is enabled by default. Therefore, database queries may be performed during view rendering. Explicitly configure spring.jpa.open-in-view to disable this warning
2020-10-13 00:28:02.907 WARN  org.thymeleaf.templatemode.TemplateMode Line:150 - [THYMELEAF][restartedMain] Template Mode 'LEGACYHTML5' is deprecated. Using Template Mode 'HTML' instead.
2020-10-13 00:30:26.494 WARN  org.springframework.boot.autoconfigure.orm.jpa.JpaBaseConfiguration$JpaWebConfiguration$JpaWebMvcConfiguration Line:234 - spring.jpa.open-in-view is enabled by default. Therefore, database queries may be performed during view rendering. Explicitly configure spring.jpa.open-in-view to disable this warning
2020-10-13 00:30:27.988 WARN  org.thymeleaf.templatemode.TemplateMode Line:150 - [THYMELEAF][restartedMain] Template Mode 'LEGACYHTML5' is deprecated. Using Template Mode 'HTML' instead.
2020-10-13 00:33:12.678 WARN  org.springframework.web.servlet.mvc.method.annotation.ExceptionHandlerExceptionResolver Line:194 - Resolved [org.apache.shiro.authz.UnauthorizedException: Subject does not have role [2]]
2020-10-13 00:34:39.081 WARN  org.springframework.boot.autoconfigure.orm.jpa.JpaBaseConfiguration$JpaWebConfiguration$JpaWebMvcConfiguration Line:234 - spring.jpa.open-in-view is enabled by default. Therefore, database queries may be performed during view rendering. Explicitly configure spring.jpa.open-in-view to disable this warning
2020-10-13 00:34:40.586 WARN  org.thymeleaf.templatemode.TemplateMode Line:150 - [THYMELEAF][restartedMain] Template Mode 'LEGACYHTML5' is deprecated. Using Template Mode 'HTML' instead.
2020-10-13 00:34:55.856 WARN  org.springframework.web.servlet.mvc.method.annotation.ExceptionHandlerExceptionResolver Line:194 - Resolved [org.apache.shiro.authz.UnauthorizedException: Subject does not have role [2]]
2020-10-13 00:35:19.061 WARN  org.springframework.boot.autoconfigure.orm.jpa.JpaBaseConfiguration$JpaWebConfiguration$JpaWebMvcConfiguration Line:234 - spring.jpa.open-in-view is enabled by default. Therefore, database queries may be performed during view rendering. Explicitly configure spring.jpa.open-in-view to disable this warning
2020-10-13 00:35:20.641 WARN  org.thymeleaf.templatemode.TemplateMode Line:150 - [THYMELEAF][restartedMain] Template Mode 'LEGACYHTML5' is deprecated. Using Template Mode 'HTML' instead.
2020-10-13 00:35:26.378 WARN  org.springframework.web.servlet.mvc.method.annotation.ExceptionHandlerExceptionResolver Line:194 - Resolved [org.apache.shiro.authz.UnauthorizedException: Subject does not have role [2]]
2020-10-13 00:36:32.746 WARN  org.springframework.boot.autoconfigure.orm.jpa.JpaBaseConfiguration$JpaWebConfiguration$JpaWebMvcConfiguration Line:234 - spring.jpa.open-in-view is enabled by default. Therefore, database queries may be performed during view rendering. Explicitly configure spring.jpa.open-in-view to disable this warning
2020-10-13 00:36:34.235 WARN  org.thymeleaf.templatemode.TemplateMode Line:150 - [THYMELEAF][restartedMain] Template Mode 'LEGACYHTML5' is deprecated. Using Template Mode 'HTML' instead.
2020-10-13 00:36:41.911 WARN  org.springframework.web.servlet.mvc.method.annotation.ExceptionHandlerExceptionResolver Line:194 - Resolved [org.apache.shiro.authz.UnauthorizedException: Subject does not have role [2]]
2020-10-13 00:36:58.531 WARN  org.springframework.web.servlet.mvc.method.annotation.ExceptionHandlerExceptionResolver Line:194 - Resolved [org.apache.shiro.authz.UnauthorizedException: Subject does not have role [2]]
2020-10-13 00:38:44.065 WARN  org.springframework.boot.autoconfigure.orm.jpa.JpaBaseConfiguration$JpaWebConfiguration$JpaWebMvcConfiguration Line:234 - spring.jpa.open-in-view is enabled by default. Therefore, database queries may be performed during view rendering. Explicitly configure spring.jpa.open-in-view to disable this warning
2020-10-13 00:38:45.599 WARN  org.thymeleaf.templatemode.TemplateMode Line:150 - [THYMELEAF][restartedMain] Template Mode 'LEGACYHTML5' is deprecated. Using Template Mode 'HTML' instead.
2020-10-13 00:38:51.408 WARN  org.springframework.web.servlet.mvc.method.annotation.ExceptionHandlerExceptionResolver Line:194 - Resolved [org.apache.shiro.authz.UnauthorizedException: Subject does not have role [2]]
2020-10-13 00:39:57.789 WARN  org.springframework.boot.autoconfigure.orm.jpa.JpaBaseConfiguration$JpaWebConfiguration$JpaWebMvcConfiguration Line:234 - spring.jpa.open-in-view is enabled by default. Therefore, database queries may be performed during view rendering. Explicitly configure spring.jpa.open-in-view to disable this warning
2020-10-13 00:39:59.292 WARN  org.thymeleaf.templatemode.TemplateMode Line:150 - [THYMELEAF][restartedMain] Template Mode 'LEGACYHTML5' is deprecated. Using Template Mode 'HTML' instead.
2020-10-13 00:41:03.821 WARN  org.springframework.web.servlet.mvc.method.annotation.ExceptionHandlerExceptionResolver Line:194 - Resolved [org.apache.shiro.authz.UnauthorizedException: Subject does not have permission [user:selectList]]
2020-10-13 00:41:16.481 WARN  org.springframework.web.servlet.mvc.method.annotation.ExceptionHandlerExceptionResolver Line:194 - Resolved [org.apache.shiro.authz.UnauthorizedException: Subject does not have permission [user:selectList]]
2020-10-13 00:42:38.320 WARN  com.zaxxer.hikari.pool.HikariPool Line:766 - HikariPool-1 - Thread starvation or clock leap detected (housekeeper delta=1m11s711ms613µs200ns).
2020-10-13 00:42:40.554 WARN  org.springframework.web.servlet.mvc.method.annotation.ExceptionHandlerExceptionResolver Line:194 - Resolved [org.apache.shiro.authz.UnauthorizedException: Subject does not have permission [user:selectList]]
2020-10-13 00:43:17.132 WARN  org.springframework.boot.autoconfigure.orm.jpa.JpaBaseConfiguration$JpaWebConfiguration$JpaWebMvcConfiguration Line:234 - spring.jpa.open-in-view is enabled by default. Therefore, database queries may be performed during view rendering. Explicitly configure spring.jpa.open-in-view to disable this warning
2020-10-13 00:43:18.647 WARN  org.thymeleaf.templatemode.TemplateMode Line:150 - [THYMELEAF][restartedMain] Template Mode 'LEGACYHTML5' is deprecated. Using Template Mode 'HTML' instead.
2020-10-13 00:43:29.788 WARN  org.springframework.web.servlet.mvc.method.annotation.ExceptionHandlerExceptionResolver Line:194 - Resolved [org.apache.shiro.authz.UnauthorizedException: Subject does not have permission [user:selectList]]
2020-10-13 00:44:50.125 WARN  org.springframework.boot.autoconfigure.orm.jpa.JpaBaseConfiguration$JpaWebConfiguration$JpaWebMvcConfiguration Line:234 - spring.jpa.open-in-view is enabled by default. Therefore, database queries may be performed during view rendering. Explicitly configure spring.jpa.open-in-view to disable this warning
2020-10-13 00:44:51.632 WARN  org.thymeleaf.templatemode.TemplateMode Line:150 - [THYMELEAF][restartedMain] Template Mode 'LEGACYHTML5' is deprecated. Using Template Mode 'HTML' instead.
2020-10-13 00:49:34.223 WARN  org.springframework.boot.autoconfigure.orm.jpa.JpaBaseConfiguration$JpaWebConfiguration$JpaWebMvcConfiguration Line:234 - spring.jpa.open-in-view is enabled by default. Therefore, database queries may be performed during view rendering. Explicitly configure spring.jpa.open-in-view to disable this warning
2020-10-13 00:49:35.801 WARN  org.thymeleaf.templatemode.TemplateMode Line:150 - [THYMELEAF][restartedMain] Template Mode 'LEGACYHTML5' is deprecated. Using Template Mode 'HTML' instead.
2020-10-13 00:51:10.378 WARN  org.springframework.boot.autoconfigure.orm.jpa.JpaBaseConfiguration$JpaWebConfiguration$JpaWebMvcConfiguration Line:234 - spring.jpa.open-in-view is enabled by default. Therefore, database queries may be performed during view rendering. Explicitly configure spring.jpa.open-in-view to disable this warning
2020-10-13 00:51:11.920 WARN  org.thymeleaf.templatemode.TemplateMode Line:150 - [THYMELEAF][restartedMain] Template Mode 'LEGACYHTML5' is deprecated. Using Template Mode 'HTML' instead.
2020-10-13 00:51:17.383 WARN  org.springframework.web.servlet.mvc.method.annotation.ExceptionHandlerExceptionResolver Line:194 - Resolved [org.mybatis.spring.MyBatisSystemException: nested exception is org.apache.ibatis.reflection.ReflectionException: There is no getter for property named 'password' in 'class com.yushang.wallpaper.layer.model.user.UserReqModel']
2020-10-13 00:53:25.210 WARN  org.springframework.boot.autoconfigure.orm.jpa.JpaBaseConfiguration$JpaWebConfiguration$JpaWebMvcConfiguration Line:234 - spring.jpa.open-in-view is enabled by default. Therefore, database queries may be performed during view rendering. Explicitly configure spring.jpa.open-in-view to disable this warning
2020-10-13 00:53:26.698 WARN  org.thymeleaf.templatemode.TemplateMode Line:150 - [THYMELEAF][restartedMain] Template Mode 'LEGACYHTML5' is deprecated. Using Template Mode 'HTML' instead.
2020-10-13 00:54:28.735 WARN  org.springframework.boot.autoconfigure.orm.jpa.JpaBaseConfiguration$JpaWebConfiguration$JpaWebMvcConfiguration Line:234 - spring.jpa.open-in-view is enabled by default. Therefore, database queries may be performed during view rendering. Explicitly configure spring.jpa.open-in-view to disable this warning
2020-10-13 00:54:30.221 WARN  org.thymeleaf.templatemode.TemplateMode Line:150 - [THYMELEAF][restartedMain] Template Mode 'LEGACYHTML5' is deprecated. Using Template Mode 'HTML' instead.
2020-10-13 00:57:09.136 WARN  org.springframework.boot.autoconfigure.orm.jpa.JpaBaseConfiguration$JpaWebConfiguration$JpaWebMvcConfiguration Line:234 - spring.jpa.open-in-view is enabled by default. Therefore, database queries may be performed during view rendering. Explicitly configure spring.jpa.open-in-view to disable this warning
2020-10-13 00:57:11.197 WARN  org.thymeleaf.templatemode.TemplateMode Line:150 - [THYMELEAF][restartedMain] Template Mode 'LEGACYHTML5' is deprecated. Using Template Mode 'HTML' instead.
2020-10-13 00:57:33.113 WARN  org.springframework.boot.autoconfigure.orm.jpa.JpaBaseConfiguration$JpaWebConfiguration$JpaWebMvcConfiguration Line:234 - spring.jpa.open-in-view is enabled by default. Therefore, database queries may be performed during view rendering. Explicitly configure spring.jpa.open-in-view to disable this warning
2020-10-13 00:57:34.715 WARN  org.thymeleaf.templatemode.TemplateMode Line:150 - [THYMELEAF][restartedMain] Template Mode 'LEGACYHTML5' is deprecated. Using Template Mode 'HTML' instead.
2020-10-13 00:59:08.492 WARN  org.springframework.web.servlet.mvc.method.annotation.ExceptionHandlerExceptionResolver Line:194 - Resolved [org.springframework.jdbc.BadSqlGrammarException: 
### Error querying database.  Cause: java.sql.SQLSyntaxErrorException: Unknown column 'isUse' in 'where clause'
### The error may exist in file [D:\Java\JavaProjects\wallpaper\wallpaper\target\classes\mapper\user\UserMapper.xml]
### The error may involve defaultParameterMap
### The error occurred while setting parameters
### SQL: SELECT count(0) FROM tb_user WHERE `isUse` = ?
### Cause: java.sql.SQLSyntaxErrorException: Unknown column 'isUse' in 'where clause'
; bad SQL grammar []; nested exception is java.sql.SQLSyntaxErrorException: Unknown column 'isUse' in 'where clause']
2020-10-13 00:59:46.698 WARN  org.springframework.boot.autoconfigure.orm.jpa.JpaBaseConfiguration$JpaWebConfiguration$JpaWebMvcConfiguration Line:234 - spring.jpa.open-in-view is enabled by default. Therefore, database queries may be performed during view rendering. Explicitly configure spring.jpa.open-in-view to disable this warning
2020-10-13 00:59:48.215 WARN  org.thymeleaf.templatemode.TemplateMode Line:150 - [THYMELEAF][restartedMain] Template Mode 'LEGACYHTML5' is deprecated. Using Template Mode 'HTML' instead.
2020-10-13 01:04:33.683 WARN  org.springframework.boot.autoconfigure.orm.jpa.JpaBaseConfiguration$JpaWebConfiguration$JpaWebMvcConfiguration Line:234 - spring.jpa.open-in-view is enabled by default. Therefore, database queries may be performed during view rendering. Explicitly configure spring.jpa.open-in-view to disable this warning
2020-10-13 01:04:35.190 WARN  org.thymeleaf.templatemode.TemplateMode Line:150 - [THYMELEAF][restartedMain] Template Mode 'LEGACYHTML5' is deprecated. Using Template Mode 'HTML' instead.
2020-10-13 01:24:17.218 WARN  org.springframework.boot.autoconfigure.orm.jpa.JpaBaseConfiguration$JpaWebConfiguration$JpaWebMvcConfiguration Line:234 - spring.jpa.open-in-view is enabled by default. Therefore, database queries may be performed during view rendering. Explicitly configure spring.jpa.open-in-view to disable this warning
2020-10-13 01:24:18.757 WARN  org.thymeleaf.templatemode.TemplateMode Line:150 - [THYMELEAF][restartedMain] Template Mode 'LEGACYHTML5' is deprecated. Using Template Mode 'HTML' instead.
2020-10-13 01:24:19.799 WARN  org.springframework.amqp.rabbit.listener.ConditionalRejectingErrorHandler Line:117 - Execution of Rabbit message listener failed.
org.springframework.amqp.rabbit.listener.exception.ListenerExecutionFailedException: Listener method 'public final void com.yushang.wallpaper.common.config.rabbitmq.ReceiveMessage.LogReceive$$EnhancerBySpringCGLIB$$4e9731d9.receiveMessage1(com.yushang.wallpaper.common.pojo.TbLog,org.springframework.amqp.core.Message,com.rabbitmq.client.Channel)' threw exception
	at org.springframework.amqp.rabbit.listener.adapter.MessagingMessageListenerAdapter.invokeHandler(MessagingMessageListenerAdapter.java:198)
	at org.springframework.amqp.rabbit.listener.adapter.MessagingMessageListenerAdapter.onMessage(MessagingMessageListenerAdapter.java:127)
	at org.springframework.amqp.rabbit.listener.AbstractMessageListenerContainer.doInvokeListener(AbstractMessageListenerContainer.java:1514)
	at org.springframework.amqp.rabbit.listener.AbstractMessageListenerContainer.actualInvokeListener(AbstractMessageListenerContainer.java:1440)
	at org.springframework.amqp.rabbit.listener.AbstractMessageListenerContainer.invokeListener(AbstractMessageListenerContainer.java:1428)
	at org.springframework.amqp.rabbit.listener.AbstractMessageListenerContainer.doExecuteListener(AbstractMessageListenerContainer.java:1423)
	at org.springframework.amqp.rabbit.listener.AbstractMessageListenerContainer.executeListener(AbstractMessageListenerContainer.java:1372)
	at org.springframework.amqp.rabbit.listener.SimpleMessageListenerContainer.doReceiveAndExecute(SimpleMessageListenerContainer.java:870)
	at org.springframework.amqp.rabbit.listener.SimpleMessageListenerContainer.receiveAndExecute(SimpleMessageListenerContainer.java:854)
	at org.springframework.amqp.rabbit.listener.SimpleMessageListenerContainer.access$1600(SimpleMessageListenerContainer.java:78)
	at org.springframework.amqp.rabbit.listener.SimpleMessageListenerContainer$AsyncMessageProcessingConsumer.mainLoop(SimpleMessageListenerContainer.java:1137)
	at org.springframework.amqp.rabbit.listener.SimpleMessageListenerContainer$AsyncMessageProcessingConsumer.run(SimpleMessageListenerContainer.java:1043)
	at java.lang.Thread.run(Thread.java:748)
Caused by: java.lang.IllegalStateException: The mapped handler method class 'com.yushang.wallpaper.common.config.rabbitmq.ReceiveMessage.LogReceive$$EnhancerBySpringCGLIB$$4e9731d9' is not an instance of the actual endpoint bean class 'com.yushang.wallpaper.common.config.rabbitmq.ReceiveMessage.LogReceive$$EnhancerBySpringCGLIB$$ce0ee677'. If the endpoint requires proxying (e.g. due to @Transactional), please use class-based proxying.
Endpoint [com.yushang.wallpaper.common.config.rabbitmq.ReceiveMessage.LogReceive]
Method [public final void com.yushang.wallpaper.common.config.rabbitmq.ReceiveMessage.LogReceive$$EnhancerBySpringCGLIB$$4e9731d9.receiveMessage1(com.yushang.wallpaper.common.pojo.TbLog,org.springframework.amqp.core.Message,com.rabbitmq.client.Channel)] with argument values:
 [0] [type=com.yushang.wallpaper.common.pojo.TbLog] [value=com.yushang.wallpaper.common.pojo.TbLog@2e9b9bee],
[1] [type=org.springframework.amqp.core.Message] [value=(Body:'{"systemLogId":null,"operateId":null,"type":2,"isSuccess":1,"requestParam":"{userLoginRequest:com.yushang.wallpaper.layer.model.UserLoginRequest@24c3527d,request:org.apache.shiro.web.servlet.ShiroHttpServletRequest@2a04b895,response:org.apache.shiro.web.servlet.ShiroHttpServletResponse@2e3b390d}","requestUri":"/wallpaper/layer/user/submitLogin","methodName":"com.yushang.wallpaper.layer.controller.user.LoginController.submitLogin","managerIp":"0:0:0:0:0:0:0:1","createTime":"2020-10-11 13:10:06","title":"登录","operateType":1,"tabName":"tb_manager","sessionId":"duOlNap5iNOluGVp","userName":null}' MessageProperties [headers={spring_returned_message_correlation=b0c9fc43-653d-4371-954f-774b7cb48de4, __TypeId__=com.yushang.wallpaper.common.pojo.TbLog}, contentType=application/json, contentEncoding=UTF-8, contentLength=0, receivedDeliveryMode=PERSISTENT, priority=0, redelivered=true, receivedExchange=log.exchange, receivedRoutingKey=log.routing.key, deliveryTag=1, consumerTag=amq.ctag-QgusRa175ptE_cLPX5HEFw, consumerQueue=log.queue])],
[2] [type=com.sun.proxy.$Proxy196] [value=Cached Rabbit Channel: PublisherCallbackChannelImpl: AMQChannel(amqp://guest@127.0.0.1:5672/,2), conn: Proxy@1a04d24e Shared Rabbit Connection: SimpleConnection@4b53a12c [delegate=amqp://guest@127.0.0.1:5672/, localPort= 61542]] 
	at org.springframework.messaging.handler.HandlerMethod.assertTargetBean(HandlerMethod.java:362)
	at org.springframework.messaging.handler.invocation.InvocableHandlerMethod.doInvoke(InvocableHandlerMethod.java:173)
	at org.springframework.messaging.handler.invocation.InvocableHandlerMethod.invoke(InvocableHandlerMethod.java:120)
	at org.springframework.amqp.rabbit.listener.adapter.HandlerAdapter.invoke(HandlerAdapter.java:49)
	at org.springframework.amqp.rabbit.listener.adapter.MessagingMessageListenerAdapter.invokeHandler(MessagingMessageListenerAdapter.java:190)
	... 12 common frames omitted
2020-10-13 01:24:19.799 WARN  org.springframework.amqp.rabbit.listener.ConditionalRejectingErrorHandler Line:117 - Execution of Rabbit message listener failed.
org.springframework.amqp.rabbit.listener.exception.ListenerExecutionFailedException: Listener method 'public final void com.yushang.wallpaper.common.config.rabbitmq.ReceiveMessage.LogReceive$$EnhancerBySpringCGLIB$$4e9731d9.receiveMessage2(com.yushang.wallpaper.common.pojo.TbLog,org.springframework.amqp.core.Message,com.rabbitmq.client.Channel)' threw exception
	at org.springframework.amqp.rabbit.listener.adapter.MessagingMessageListenerAdapter.invokeHandler(MessagingMessageListenerAdapter.java:198)
	at org.springframework.amqp.rabbit.listener.adapter.MessagingMessageListenerAdapter.onMessage(MessagingMessageListenerAdapter.java:127)
	at org.springframework.amqp.rabbit.listener.AbstractMessageListenerContainer.doInvokeListener(AbstractMessageListenerContainer.java:1514)
	at org.springframework.amqp.rabbit.listener.AbstractMessageListenerContainer.actualInvokeListener(AbstractMessageListenerContainer.java:1440)
	at org.springframework.amqp.rabbit.listener.AbstractMessageListenerContainer.invokeListener(AbstractMessageListenerContainer.java:1428)
	at org.springframework.amqp.rabbit.listener.AbstractMessageListenerContainer.doExecuteListener(AbstractMessageListenerContainer.java:1423)
	at org.springframework.amqp.rabbit.listener.AbstractMessageListenerContainer.executeListener(AbstractMessageListenerContainer.java:1372)
	at org.springframework.amqp.rabbit.listener.SimpleMessageListenerContainer.doReceiveAndExecute(SimpleMessageListenerContainer.java:870)
	at org.springframework.amqp.rabbit.listener.SimpleMessageListenerContainer.receiveAndExecute(SimpleMessageListenerContainer.java:854)
	at org.springframework.amqp.rabbit.listener.SimpleMessageListenerContainer.access$1600(SimpleMessageListenerContainer.java:78)
	at org.springframework.amqp.rabbit.listener.SimpleMessageListenerContainer$AsyncMessageProcessingConsumer.mainLoop(SimpleMessageListenerContainer.java:1137)
	at org.springframework.amqp.rabbit.listener.SimpleMessageListenerContainer$AsyncMessageProcessingConsumer.run(SimpleMessageListenerContainer.java:1043)
	at java.lang.Thread.run(Thread.java:748)
Caused by: java.lang.IllegalStateException: The mapped handler method class 'com.yushang.wallpaper.common.config.rabbitmq.ReceiveMessage.LogReceive$$EnhancerBySpringCGLIB$$4e9731d9' is not an instance of the actual endpoint bean class 'com.yushang.wallpaper.common.config.rabbitmq.ReceiveMessage.LogReceive$$EnhancerBySpringCGLIB$$ce0ee677'. If the endpoint requires proxying (e.g. due to @Transactional), please use class-based proxying.
Endpoint [com.yushang.wallpaper.common.config.rabbitmq.ReceiveMessage.LogReceive]
Method [public final void com.yushang.wallpaper.common.config.rabbitmq.ReceiveMessage.LogReceive$$EnhancerBySpringCGLIB$$4e9731d9.receiveMessage2(com.yushang.wallpaper.common.pojo.TbLog,org.springframework.amqp.core.Message,com.rabbitmq.client.Channel)] with argument values:
 [0] [type=com.yushang.wallpaper.common.pojo.TbLog] [value=com.yushang.wallpaper.common.pojo.TbLog@4c78ee7f],
[1] [type=org.springframework.amqp.core.Message] [value=(Body:'{"systemLogId":null,"operateId":null,"type":2,"isSuccess":1,"requestParam":"{\"password\":\"123456\",\"rememberMe\":true,\"username\":\"admin\"}","requestUri":"/wallpaper/layer/user/submitLogin","methodName":"com.yushang.wallpaper.layer.controller.user.LoginController.submitLogin","managerIp":"0:0:0:0:0:0:0:1","createTime":"2020-10-11 13:15:55","title":"登录","operateType":1,"tabName":"tb_manager","sessionId":"jkknCxACS1ODuWAA","userName":null}' MessageProperties [headers={spring_returned_message_correlation=d9dde424-85f6-487c-824c-49b7133755ab, __TypeId__=com.yushang.wallpaper.common.pojo.TbLog}, contentType=application/json, contentEncoding=UTF-8, contentLength=0, receivedDeliveryMode=PERSISTENT, priority=0, redelivered=true, receivedExchange=log.exchange, receivedRoutingKey=log.routing.key, deliveryTag=1, consumerTag=amq.ctag-vQPro2Qa8G-g6pae_izfkw, consumerQueue=log.queue])],
[2] [type=com.sun.proxy.$Proxy196] [value=Cached Rabbit Channel: PublisherCallbackChannelImpl: AMQChannel(amqp://guest@127.0.0.1:5672/,3), conn: Proxy@1a04d24e Shared Rabbit Connection: SimpleConnection@4b53a12c [delegate=amqp://guest@127.0.0.1:5672/, localPort= 61542]] 
	at org.springframework.messaging.handler.HandlerMethod.assertTargetBean(HandlerMethod.java:362)
	at org.springframework.messaging.handler.invocation.InvocableHandlerMethod.doInvoke(InvocableHandlerMethod.java:173)
	at org.springframework.messaging.handler.invocation.InvocableHandlerMethod.invoke(InvocableHandlerMethod.java:120)
	at org.springframework.amqp.rabbit.listener.adapter.HandlerAdapter.invoke(HandlerAdapter.java:49)
	at org.springframework.amqp.rabbit.listener.adapter.MessagingMessageListenerAdapter.invokeHandler(MessagingMessageListenerAdapter.java:190)
	... 12 common frames omitted
2020-10-13 01:24:19.799 WARN  org.springframework.amqp.rabbit.listener.ConditionalRejectingErrorHandler Line:117 - Execution of Rabbit message listener failed.
org.springframework.amqp.rabbit.listener.exception.ListenerExecutionFailedException: Listener method 'public final void com.yushang.wallpaper.common.config.rabbitmq.ReceiveMessage.LogReceive$$EnhancerBySpringCGLIB$$4e9731d9.receiveMessage1(com.yushang.wallpaper.common.pojo.TbLog,org.springframework.amqp.core.Message,com.rabbitmq.client.Channel)' threw exception
	at org.springframework.amqp.rabbit.listener.adapter.MessagingMessageListenerAdapter.invokeHandler(MessagingMessageListenerAdapter.java:198)
	at org.springframework.amqp.rabbit.listener.adapter.MessagingMessageListenerAdapter.onMessage(MessagingMessageListenerAdapter.java:127)
	at org.springframework.amqp.rabbit.listener.AbstractMessageListenerContainer.doInvokeListener(AbstractMessageListenerContainer.java:1514)
	at org.springframework.amqp.rabbit.listener.AbstractMessageListenerContainer.actualInvokeListener(AbstractMessageListenerContainer.java:1440)
	at org.springframework.amqp.rabbit.listener.AbstractMessageListenerContainer.invokeListener(AbstractMessageListenerContainer.java:1428)
	at org.springframework.amqp.rabbit.listener.AbstractMessageListenerContainer.doExecuteListener(AbstractMessageListenerContainer.java:1423)
	at org.springframework.amqp.rabbit.listener.AbstractMessageListenerContainer.executeListener(AbstractMessageListenerContainer.java:1372)
	at org.springframework.amqp.rabbit.listener.SimpleMessageListenerContainer.doReceiveAndExecute(SimpleMessageListenerContainer.java:870)
	at org.springframework.amqp.rabbit.listener.SimpleMessageListenerContainer.receiveAndExecute(SimpleMessageListenerContainer.java:854)
	at org.springframework.amqp.rabbit.listener.SimpleMessageListenerContainer.access$1600(SimpleMessageListenerContainer.java:78)
	at org.springframework.amqp.rabbit.listener.SimpleMessageListenerContainer$AsyncMessageProcessingConsumer.mainLoop(SimpleMessageListenerContainer.java:1137)
	at org.springframework.amqp.rabbit.listener.SimpleMessageListenerContainer$AsyncMessageProcessingConsumer.run(SimpleMessageListenerContainer.java:1043)
	at java.lang.Thread.run(Thread.java:748)
Caused by: java.lang.IllegalStateException: The mapped handler method class 'com.yushang.wallpaper.common.config.rabbitmq.ReceiveMessage.LogReceive$$EnhancerBySpringCGLIB$$4e9731d9' is not an instance of the actual endpoint bean class 'com.yushang.wallpaper.common.config.rabbitmq.ReceiveMessage.LogReceive$$EnhancerBySpringCGLIB$$ce0ee677'. If the endpoint requires proxying (e.g. due to @Transactional), please use class-based proxying.
Endpoint [com.yushang.wallpaper.common.config.rabbitmq.ReceiveMessage.LogReceive]
Method [public final void com.yushang.wallpaper.common.config.rabbitmq.ReceiveMessage.LogReceive$$EnhancerBySpringCGLIB$$4e9731d9.receiveMessage1(com.yushang.wallpaper.common.pojo.TbLog,org.springframework.amqp.core.Message,com.rabbitmq.client.Channel)] with argument values:
 [0] [type=com.yushang.wallpaper.common.pojo.TbLog] [value=com.yushang.wallpaper.common.pojo.TbLog@1ca762bb],
[1] [type=org.springframework.amqp.core.Message] [value=(Body:'{"systemLogId":null,"operateId":null,"type":2,"isSuccess":1,"requestParam":"{userLoginRequest:com.yushang.wallpaper.layer.model.UserLoginRequest@3b017772,request:org.apache.shiro.web.servlet.ShiroHttpServletRequest@f16fb1f,response:org.apache.shiro.web.servlet.ShiroHttpServletResponse@3945d0af}","requestUri":"/wallpaper/layer/user/submitLogin","methodName":"com.yushang.wallpaper.layer.controller.user.LoginController.submitLogin","managerIp":"0:0:0:0:0:0:0:1","createTime":"2020-10-11 13:08:46","title":"登录","operateType":1,"tabName":"tb_manager","sessionId":"Ip5QbtZH7JbpN9dK","userName":null}' MessageProperties [headers={spring_returned_message_correlation=bdf34556-15c6-40f7-9bfb-326e26eae7b5, __TypeId__=com.yushang.wallpaper.common.pojo.TbLog}, contentType=application/json, contentEncoding=UTF-8, contentLength=0, receivedDeliveryMode=PERSISTENT, priority=0, redelivered=true, receivedExchange=log.exchange, receivedRoutingKey=log.routing.key, deliveryTag=1, consumerTag=amq.ctag-Xx9iLbPeFkTUaGlp7CYdNA, consumerQueue=log.queue])],
[2] [type=com.sun.proxy.$Proxy196] [value=Cached Rabbit Channel: PublisherCallbackChannelImpl: AMQChannel(amqp://guest@127.0.0.1:5672/,1), conn: Proxy@1a04d24e Shared Rabbit Connection: SimpleConnection@4b53a12c [delegate=amqp://guest@127.0.0.1:5672/, localPort= 61542]] 
	at org.springframework.messaging.handler.HandlerMethod.assertTargetBean(HandlerMethod.java:362)
	at org.springframework.messaging.handler.invocation.InvocableHandlerMethod.doInvoke(InvocableHandlerMethod.java:173)
	at org.springframework.messaging.handler.invocation.InvocableHandlerMethod.invoke(InvocableHandlerMethod.java:120)
	at org.springframework.amqp.rabbit.listener.adapter.HandlerAdapter.invoke(HandlerAdapter.java:49)
	at org.springframework.amqp.rabbit.listener.adapter.MessagingMessageListenerAdapter.invokeHandler(MessagingMessageListenerAdapter.java:190)
	... 12 common frames omitted
2020-10-13 01:24:19.799 WARN  org.springframework.amqp.rabbit.listener.ConditionalRejectingErrorHandler Line:117 - Execution of Rabbit message listener failed.
org.springframework.amqp.rabbit.listener.exception.ListenerExecutionFailedException: Listener method 'public final void com.yushang.wallpaper.common.config.rabbitmq.ReceiveMessage.LogReceive$$EnhancerBySpringCGLIB$$4e9731d9.receiveMessage2(com.yushang.wallpaper.common.pojo.TbLog,org.springframework.amqp.core.Message,com.rabbitmq.client.Channel)' threw exception
	at org.springframework.amqp.rabbit.listener.adapter.MessagingMessageListenerAdapter.invokeHandler(MessagingMessageListenerAdapter.java:198)
	at org.springframework.amqp.rabbit.listener.adapter.MessagingMessageListenerAdapter.onMessage(MessagingMessageListenerAdapter.java:127)
	at org.springframework.amqp.rabbit.listener.AbstractMessageListenerContainer.doInvokeListener(AbstractMessageListenerContainer.java:1514)
	at org.springframework.amqp.rabbit.listener.AbstractMessageListenerContainer.actualInvokeListener(AbstractMessageListenerContainer.java:1440)
	at org.springframework.amqp.rabbit.listener.AbstractMessageListenerContainer.invokeListener(AbstractMessageListenerContainer.java:1428)
	at org.springframework.amqp.rabbit.listener.AbstractMessageListenerContainer.doExecuteListener(AbstractMessageListenerContainer.java:1423)
	at org.springframework.amqp.rabbit.listener.AbstractMessageListenerContainer.executeListener(AbstractMessageListenerContainer.java:1372)
	at org.springframework.amqp.rabbit.listener.SimpleMessageListenerContainer.doReceiveAndExecute(SimpleMessageListenerContainer.java:870)
	at org.springframework.amqp.rabbit.listener.SimpleMessageListenerContainer.receiveAndExecute(SimpleMessageListenerContainer.java:854)
	at org.springframework.amqp.rabbit.listener.SimpleMessageListenerContainer.access$1600(SimpleMessageListenerContainer.java:78)
	at org.springframework.amqp.rabbit.listener.SimpleMessageListenerContainer$AsyncMessageProcessingConsumer.mainLoop(SimpleMessageListenerContainer.java:1137)
	at org.springframework.amqp.rabbit.listener.SimpleMessageListenerContainer$AsyncMessageProcessingConsumer.run(SimpleMessageListenerContainer.java:1043)
	at java.lang.Thread.run(Thread.java:748)
Caused by: java.lang.IllegalStateException: The mapped handler method class 'com.yushang.wallpaper.common.config.rabbitmq.ReceiveMessage.LogReceive$$EnhancerBySpringCGLIB$$4e9731d9' is not an instance of the actual endpoint bean class 'com.yushang.wallpaper.common.config.rabbitmq.ReceiveMessage.LogReceive$$EnhancerBySpringCGLIB$$ce0ee677'. If the endpoint requires proxying (e.g. due to @Transactional), please use class-based proxying.
Endpoint [com.yushang.wallpaper.common.config.rabbitmq.ReceiveMessage.LogReceive]
Method [public final void com.yushang.wallpaper.common.config.rabbitmq.ReceiveMessage.LogReceive$$EnhancerBySpringCGLIB$$4e9731d9.receiveMessage2(com.yushang.wallpaper.common.pojo.TbLog,org.springframework.amqp.core.Message,com.rabbitmq.client.Channel)] with argument values:
 [0] [type=com.yushang.wallpaper.common.pojo.TbLog] [value=com.yushang.wallpaper.common.pojo.TbLog@21713965],
[1] [type=org.springframework.amqp.core.Message] [value=(Body:'{"systemLogId":null,"operateId":null,"type":2,"isSuccess":1,"requestParam":"com.yushang.wallpaper.layer.model.UserLoginRequest@6fb4172d","requestUri":"/wallpaper/layer/user/submitLogin","methodName":"com.yushang.wallpaper.layer.controller.user.LoginController.submitLogin","managerIp":"0:0:0:0:0:0:0:1","createTime":"2020-10-11 13:17:35","title":"登录","operateType":1,"tabName":"tb_manager","sessionId":"tWdLuYOZmsfmObJh","userName":null}' MessageProperties [headers={spring_returned_message_correlation=4a8396c2-e26a-4838-952e-dc9a43f8285e, __TypeId__=com.yushang.wallpaper.common.pojo.TbLog}, contentType=application/json, contentEncoding=UTF-8, contentLength=0, receivedDeliveryMode=PERSISTENT, priority=0, redelivered=true, receivedExchange=log.exchange, receivedRoutingKey=log.routing.key, deliveryTag=1, consumerTag=amq.ctag-LiIltR5ihFU7rDiAT2PWgQ, consumerQueue=log.queue])],
[2] [type=com.sun.proxy.$Proxy196] [value=Cached Rabbit Channel: PublisherCallbackChannelImpl: AMQChannel(amqp://guest@127.0.0.1:5672/,4), conn: Proxy@1a04d24e Shared Rabbit Connection: SimpleConnection@4b53a12c [delegate=amqp://guest@127.0.0.1:5672/, localPort= 61542]] 
	at org.springframework.messaging.handler.HandlerMethod.assertTargetBean(HandlerMethod.java:362)
	at org.springframework.messaging.handler.invocation.InvocableHandlerMethod.doInvoke(InvocableHandlerMethod.java:173)
	at org.springframework.messaging.handler.invocation.InvocableHandlerMethod.invoke(InvocableHandlerMethod.java:120)
	at org.springframework.amqp.rabbit.listener.adapter.HandlerAdapter.invoke(HandlerAdapter.java:49)
	at org.springframework.amqp.rabbit.listener.adapter.MessagingMessageListenerAdapter.invokeHandler(MessagingMessageListenerAdapter.java:190)
	... 12 common frames omitted
2020-10-13 01:24:26.018 WARN  org.apache.shiro.mgt.DefaultSecurityManager Line:609 - Delegate RememberMeManager instance of type [org.apache.shiro.web.mgt.CookieRememberMeManager] threw an exception during getRememberedPrincipals().
org.apache.shiro.crypto.CryptoException: Unable to execute 'doFinal' with cipher instance [javax.crypto.Cipher@115fc9f9].
	at org.apache.shiro.crypto.JcaCipherService.crypt(JcaCipherService.java:462)
	at org.apache.shiro.crypto.JcaCipherService.crypt(JcaCipherService.java:445)
	at org.apache.shiro.crypto.JcaCipherService.decrypt(JcaCipherService.java:390)
	at org.apache.shiro.crypto.JcaCipherService.decrypt(JcaCipherService.java:382)
	at org.apache.shiro.mgt.AbstractRememberMeManager.decrypt(AbstractRememberMeManager.java:479)
	at org.apache.shiro.mgt.AbstractRememberMeManager.convertBytesToPrincipals(AbstractRememberMeManager.java:419)
	at org.apache.shiro.mgt.AbstractRememberMeManager.getRememberedPrincipals(AbstractRememberMeManager.java:386)
	at org.apache.shiro.mgt.DefaultSecurityManager.getRememberedIdentity(DefaultSecurityManager.java:604)
	at org.apache.shiro.mgt.DefaultSecurityManager.resolvePrincipals(DefaultSecurityManager.java:492)
	at org.apache.shiro.mgt.DefaultSecurityManager.createSubject(DefaultSecurityManager.java:342)
	at org.apache.shiro.subject.Subject$Builder.buildSubject(Subject.java:846)
	at org.apache.shiro.web.subject.WebSubject$Builder.buildWebSubject(WebSubject.java:148)
	at org.apache.shiro.web.servlet.AbstractShiroFilter.createSubject(AbstractShiroFilter.java:292)
	at org.apache.shiro.web.servlet.AbstractShiroFilter.doFilterInternal(AbstractShiroFilter.java:359)
	at org.apache.shiro.web.servlet.OncePerRequestFilter.doFilter(OncePerRequestFilter.java:125)
	at org.apache.catalina.core.ApplicationFilterChain.internalDoFilter(ApplicationFilterChain.java:193)
	at org.apache.catalina.core.ApplicationFilterChain.doFilter(ApplicationFilterChain.java:166)
	at org.springframework.web.filter.RequestContextFilter.doFilterInternal(RequestContextFilter.java:99)
	at org.springframework.web.filter.OncePerRequestFilter.doFilter(OncePerRequestFilter.java:107)
	at org.apache.catalina.core.ApplicationFilterChain.internalDoFilter(ApplicationFilterChain.java:193)
	at org.apache.catalina.core.ApplicationFilterChain.doFilter(ApplicationFilterChain.java:166)
	at org.springframework.web.filter.FormContentFilter.doFilterInternal(FormContentFilter.java:92)
	at org.springframework.web.filter.OncePerRequestFilter.doFilter(OncePerRequestFilter.java:107)
	at org.apache.catalina.core.ApplicationFilterChain.internalDoFilter(ApplicationFilterChain.java:193)
	at org.apache.catalina.core.ApplicationFilterChain.doFilter(ApplicationFilterChain.java:166)
	at org.springframework.web.filter.HiddenHttpMethodFilter.doFilterInternal(HiddenHttpMethodFilter.java:93)
	at org.springframework.web.filter.OncePerRequestFilter.doFilter(OncePerRequestFilter.java:107)
	at org.apache.catalina.core.ApplicationFilterChain.internalDoFilter(ApplicationFilterChain.java:193)
	at org.apache.catalina.core.ApplicationFilterChain.doFilter(ApplicationFilterChain.java:166)
	at org.springframework.web.filter.CharacterEncodingFilter.doFilterInternal(CharacterEncodingFilter.java:200)
	at org.springframework.web.filter.OncePerRequestFilter.doFilter(OncePerRequestFilter.java:107)
	at org.apache.catalina.core.ApplicationFilterChain.internalDoFilter(ApplicationFilterChain.java:193)
	at org.apache.catalina.core.ApplicationFilterChain.doFilter(ApplicationFilterChain.java:166)
	at org.apache.catalina.core.StandardWrapperValve.invoke(StandardWrapperValve.java:199)
	at org.apache.catalina.core.StandardContextValve.invoke(StandardContextValve.java:96)
	at org.apache.catalina.authenticator.AuthenticatorBase.invoke(AuthenticatorBase.java:490)
	at org.apache.catalina.core.StandardHostValve.invoke(StandardHostValve.java:139)
	at org.apache.catalina.valves.ErrorReportValve.invoke(ErrorReportValve.java:92)
	at org.apache.catalina.core.StandardEngineValve.invoke(StandardEngineValve.java:74)
	at org.apache.catalina.connector.CoyoteAdapter.service(CoyoteAdapter.java:343)
	at org.apache.coyote.http11.Http11Processor.service(Http11Processor.java:408)
	at org.apache.coyote.AbstractProcessorLight.process(AbstractProcessorLight.java:66)
	at org.apache.coyote.AbstractProtocol$ConnectionHandler.process(AbstractProtocol.java:834)
	at org.apache.tomcat.util.net.NioEndpoint$SocketProcessor.doRun(NioEndpoint.java:1417)
	at org.apache.tomcat.util.net.SocketProcessorBase.run(SocketProcessorBase.java:49)
	at java.util.concurrent.ThreadPoolExecutor.runWorker(ThreadPoolExecutor.java:1149)
	at java.util.concurrent.ThreadPoolExecutor$Worker.run(ThreadPoolExecutor.java:624)
	at org.apache.tomcat.util.threads.TaskThread$WrappingRunnable.run(TaskThread.java:61)
	at java.lang.Thread.run(Thread.java:748)
Caused by: javax.crypto.BadPaddingException: Given final block not properly padded. Such issues can arise if a bad key is used during decryption.
	at com.sun.crypto.provider.CipherCore.doFinal(CipherCore.java:991)
	at com.sun.crypto.provider.CipherCore.doFinal(CipherCore.java:847)
	at com.sun.crypto.provider.AESCipher.engineDoFinal(AESCipher.java:446)
	at javax.crypto.Cipher.doFinal(Cipher.java:2164)
	at org.apache.shiro.crypto.JcaCipherService.crypt(JcaCipherService.java:459)
	... 48 common frames omitted
2020-10-13 01:27:50.787 WARN  org.springframework.boot.autoconfigure.orm.jpa.JpaBaseConfiguration$JpaWebConfiguration$JpaWebMvcConfiguration Line:234 - spring.jpa.open-in-view is enabled by default. Therefore, database queries may be performed during view rendering. Explicitly configure spring.jpa.open-in-view to disable this warning
2020-10-13 01:27:52.314 WARN  org.thymeleaf.templatemode.TemplateMode Line:150 - [THYMELEAF][restartedMain] Template Mode 'LEGACYHTML5' is deprecated. Using Template Mode 'HTML' instead.
2020-10-13 01:27:53.261 WARN  org.springframework.amqp.rabbit.listener.ConditionalRejectingErrorHandler Line:117 - Execution of Rabbit message listener failed.
org.springframework.amqp.rabbit.listener.exception.ListenerExecutionFailedException: Listener method 'public final void com.yushang.wallpaper.common.config.rabbitmq.ReceiveMessage.LogReceive$$EnhancerBySpringCGLIB$$548e553a.receiveMessage1(com.yushang.wallpaper.common.pojo.TbLog,org.springframework.amqp.core.Message,com.rabbitmq.client.Channel)' threw exception
	at org.springframework.amqp.rabbit.listener.adapter.MessagingMessageListenerAdapter.invokeHandler(MessagingMessageListenerAdapter.java:198)
	at org.springframework.amqp.rabbit.listener.adapter.MessagingMessageListenerAdapter.onMessage(MessagingMessageListenerAdapter.java:127)
	at org.springframework.amqp.rabbit.listener.AbstractMessageListenerContainer.doInvokeListener(AbstractMessageListenerContainer.java:1514)
	at org.springframework.amqp.rabbit.listener.AbstractMessageListenerContainer.actualInvokeListener(AbstractMessageListenerContainer.java:1440)
	at org.springframework.amqp.rabbit.listener.AbstractMessageListenerContainer.invokeListener(AbstractMessageListenerContainer.java:1428)
	at org.springframework.amqp.rabbit.listener.AbstractMessageListenerContainer.doExecuteListener(AbstractMessageListenerContainer.java:1423)
	at org.springframework.amqp.rabbit.listener.AbstractMessageListenerContainer.executeListener(AbstractMessageListenerContainer.java:1372)
	at org.springframework.amqp.rabbit.listener.SimpleMessageListenerContainer.doReceiveAndExecute(SimpleMessageListenerContainer.java:870)
	at org.springframework.amqp.rabbit.listener.SimpleMessageListenerContainer.receiveAndExecute(SimpleMessageListenerContainer.java:854)
	at org.springframework.amqp.rabbit.listener.SimpleMessageListenerContainer.access$1600(SimpleMessageListenerContainer.java:78)
	at org.springframework.amqp.rabbit.listener.SimpleMessageListenerContainer$AsyncMessageProcessingConsumer.mainLoop(SimpleMessageListenerContainer.java:1137)
	at org.springframework.amqp.rabbit.listener.SimpleMessageListenerContainer$AsyncMessageProcessingConsumer.run(SimpleMessageListenerContainer.java:1043)
	at java.lang.Thread.run(Thread.java:748)
Caused by: java.lang.IllegalStateException: The mapped handler method class 'com.yushang.wallpaper.common.config.rabbitmq.ReceiveMessage.LogReceive$$EnhancerBySpringCGLIB$$548e553a' is not an instance of the actual endpoint bean class 'com.yushang.wallpaper.common.config.rabbitmq.ReceiveMessage.LogReceive$$EnhancerBySpringCGLIB$$d40609d8'. If the endpoint requires proxying (e.g. due to @Transactional), please use class-based proxying.
Endpoint [com.yushang.wallpaper.common.config.rabbitmq.ReceiveMessage.LogReceive]
Method [public final void com.yushang.wallpaper.common.config.rabbitmq.ReceiveMessage.LogReceive$$EnhancerBySpringCGLIB$$548e553a.receiveMessage1(com.yushang.wallpaper.common.pojo.TbLog,org.springframework.amqp.core.Message,com.rabbitmq.client.Channel)] with argument values:
 [0] [type=com.yushang.wallpaper.common.pojo.TbLog] [value=com.yushang.wallpaper.common.pojo.TbLog@4808f911],
[1] [type=org.springframework.amqp.core.Message] [value=(Body:'{"systemLogId":null,"operateId":null,"type":2,"isSuccess":1,"requestParam":"{userLoginRequest:com.yushang.wallpaper.layer.model.UserLoginRequest@24c3527d,request:org.apache.shiro.web.servlet.ShiroHttpServletRequest@2a04b895,response:org.apache.shiro.web.servlet.ShiroHttpServletResponse@2e3b390d}","requestUri":"/wallpaper/layer/user/submitLogin","methodName":"com.yushang.wallpaper.layer.controller.user.LoginController.submitLogin","managerIp":"0:0:0:0:0:0:0:1","createTime":"2020-10-11 13:10:06","title":"登录","operateType":1,"tabName":"tb_manager","sessionId":"duOlNap5iNOluGVp","userName":null}' MessageProperties [headers={spring_returned_message_correlation=b0c9fc43-653d-4371-954f-774b7cb48de4, __TypeId__=com.yushang.wallpaper.common.pojo.TbLog}, contentType=application/json, contentEncoding=UTF-8, contentLength=0, receivedDeliveryMode=PERSISTENT, priority=0, redelivered=true, receivedExchange=log.exchange, receivedRoutingKey=log.routing.key, deliveryTag=1, consumerTag=amq.ctag-FccjiAkwCDODO6_prAEdPQ, consumerQueue=log.queue])],
[2] [type=com.sun.proxy.$Proxy196] [value=Cached Rabbit Channel: PublisherCallbackChannelImpl: AMQChannel(amqp://guest@127.0.0.1:5672/,2), conn: Proxy@198c1658 Shared Rabbit Connection: SimpleConnection@734f0efc [delegate=amqp://guest@127.0.0.1:5672/, localPort= 61769]] 
	at org.springframework.messaging.handler.HandlerMethod.assertTargetBean(HandlerMethod.java:362)
	at org.springframework.messaging.handler.invocation.InvocableHandlerMethod.doInvoke(InvocableHandlerMethod.java:173)
	at org.springframework.messaging.handler.invocation.InvocableHandlerMethod.invoke(InvocableHandlerMethod.java:120)
	at org.springframework.amqp.rabbit.listener.adapter.HandlerAdapter.invoke(HandlerAdapter.java:49)
	at org.springframework.amqp.rabbit.listener.adapter.MessagingMessageListenerAdapter.invokeHandler(MessagingMessageListenerAdapter.java:190)
	... 12 common frames omitted
2020-10-13 01:27:53.261 WARN  org.springframework.amqp.rabbit.listener.ConditionalRejectingErrorHandler Line:117 - Execution of Rabbit message listener failed.
org.springframework.amqp.rabbit.listener.exception.ListenerExecutionFailedException: Listener method 'public final void com.yushang.wallpaper.common.config.rabbitmq.ReceiveMessage.LogReceive$$EnhancerBySpringCGLIB$$548e553a.receiveMessage1(com.yushang.wallpaper.common.pojo.TbLog,org.springframework.amqp.core.Message,com.rabbitmq.client.Channel)' threw exception
	at org.springframework.amqp.rabbit.listener.adapter.MessagingMessageListenerAdapter.invokeHandler(MessagingMessageListenerAdapter.java:198)
	at org.springframework.amqp.rabbit.listener.adapter.MessagingMessageListenerAdapter.onMessage(MessagingMessageListenerAdapter.java:127)
	at org.springframework.amqp.rabbit.listener.AbstractMessageListenerContainer.doInvokeListener(AbstractMessageListenerContainer.java:1514)
	at org.springframework.amqp.rabbit.listener.AbstractMessageListenerContainer.actualInvokeListener(AbstractMessageListenerContainer.java:1440)
	at org.springframework.amqp.rabbit.listener.AbstractMessageListenerContainer.invokeListener(AbstractMessageListenerContainer.java:1428)
	at org.springframework.amqp.rabbit.listener.AbstractMessageListenerContainer.doExecuteListener(AbstractMessageListenerContainer.java:1423)
	at org.springframework.amqp.rabbit.listener.AbstractMessageListenerContainer.executeListener(AbstractMessageListenerContainer.java:1372)
	at org.springframework.amqp.rabbit.listener.SimpleMessageListenerContainer.doReceiveAndExecute(SimpleMessageListenerContainer.java:870)
	at org.springframework.amqp.rabbit.listener.SimpleMessageListenerContainer.receiveAndExecute(SimpleMessageListenerContainer.java:854)
	at org.springframework.amqp.rabbit.listener.SimpleMessageListenerContainer.access$1600(SimpleMessageListenerContainer.java:78)
	at org.springframework.amqp.rabbit.listener.SimpleMessageListenerContainer$AsyncMessageProcessingConsumer.mainLoop(SimpleMessageListenerContainer.java:1137)
	at org.springframework.amqp.rabbit.listener.SimpleMessageListenerContainer$AsyncMessageProcessingConsumer.run(SimpleMessageListenerContainer.java:1043)
	at java.lang.Thread.run(Thread.java:748)
Caused by: java.lang.IllegalStateException: The mapped handler method class 'com.yushang.wallpaper.common.config.rabbitmq.ReceiveMessage.LogReceive$$EnhancerBySpringCGLIB$$548e553a' is not an instance of the actual endpoint bean class 'com.yushang.wallpaper.common.config.rabbitmq.ReceiveMessage.LogReceive$$EnhancerBySpringCGLIB$$d40609d8'. If the endpoint requires proxying (e.g. due to @Transactional), please use class-based proxying.
Endpoint [com.yushang.wallpaper.common.config.rabbitmq.ReceiveMessage.LogReceive]
Method [public final void com.yushang.wallpaper.common.config.rabbitmq.ReceiveMessage.LogReceive$$EnhancerBySpringCGLIB$$548e553a.receiveMessage1(com.yushang.wallpaper.common.pojo.TbLog,org.springframework.amqp.core.Message,com.rabbitmq.client.Channel)] with argument values:
 [0] [type=com.yushang.wallpaper.common.pojo.TbLog] [value=com.yushang.wallpaper.common.pojo.TbLog@3b2b9189],
[1] [type=org.springframework.amqp.core.Message] [value=(Body:'{"systemLogId":null,"operateId":null,"type":2,"isSuccess":1,"requestParam":"{userLoginRequest:com.yushang.wallpaper.layer.model.UserLoginRequest@3b017772,request:org.apache.shiro.web.servlet.ShiroHttpServletRequest@f16fb1f,response:org.apache.shiro.web.servlet.ShiroHttpServletResponse@3945d0af}","requestUri":"/wallpaper/layer/user/submitLogin","methodName":"com.yushang.wallpaper.layer.controller.user.LoginController.submitLogin","managerIp":"0:0:0:0:0:0:0:1","createTime":"2020-10-11 13:08:46","title":"登录","operateType":1,"tabName":"tb_manager","sessionId":"Ip5QbtZH7JbpN9dK","userName":null}' MessageProperties [headers={spring_returned_message_correlation=bdf34556-15c6-40f7-9bfb-326e26eae7b5, __TypeId__=com.yushang.wallpaper.common.pojo.TbLog}, contentType=application/json, contentEncoding=UTF-8, contentLength=0, receivedDeliveryMode=PERSISTENT, priority=0, redelivered=true, receivedExchange=log.exchange, receivedRoutingKey=log.routing.key, deliveryTag=1, consumerTag=amq.ctag-uSFumLXK0gT_A3tEyPTHLg, consumerQueue=log.queue])],
[2] [type=com.sun.proxy.$Proxy196] [value=Cached Rabbit Channel: PublisherCallbackChannelImpl: AMQChannel(amqp://guest@127.0.0.1:5672/,1), conn: Proxy@198c1658 Shared Rabbit Connection: SimpleConnection@734f0efc [delegate=amqp://guest@127.0.0.1:5672/, localPort= 61769]] 
	at org.springframework.messaging.handler.HandlerMethod.assertTargetBean(HandlerMethod.java:362)
	at org.springframework.messaging.handler.invocation.InvocableHandlerMethod.doInvoke(InvocableHandlerMethod.java:173)
	at org.springframework.messaging.handler.invocation.InvocableHandlerMethod.invoke(InvocableHandlerMethod.java:120)
	at org.springframework.amqp.rabbit.listener.adapter.HandlerAdapter.invoke(HandlerAdapter.java:49)
	at org.springframework.amqp.rabbit.listener.adapter.MessagingMessageListenerAdapter.invokeHandler(MessagingMessageListenerAdapter.java:190)
	... 12 common frames omitted
2020-10-13 01:27:53.261 WARN  org.springframework.amqp.rabbit.listener.ConditionalRejectingErrorHandler Line:117 - Execution of Rabbit message listener failed.
org.springframework.amqp.rabbit.listener.exception.ListenerExecutionFailedException: Listener method 'public final void com.yushang.wallpaper.common.config.rabbitmq.ReceiveMessage.LogReceive$$EnhancerBySpringCGLIB$$548e553a.receiveMessage2(com.yushang.wallpaper.common.pojo.TbLog,org.springframework.amqp.core.Message,com.rabbitmq.client.Channel)' threw exception
	at org.springframework.amqp.rabbit.listener.adapter.MessagingMessageListenerAdapter.invokeHandler(MessagingMessageListenerAdapter.java:198)
	at org.springframework.amqp.rabbit.listener.adapter.MessagingMessageListenerAdapter.onMessage(MessagingMessageListenerAdapter.java:127)
	at org.springframework.amqp.rabbit.listener.AbstractMessageListenerContainer.doInvokeListener(AbstractMessageListenerContainer.java:1514)
	at org.springframework.amqp.rabbit.listener.AbstractMessageListenerContainer.actualInvokeListener(AbstractMessageListenerContainer.java:1440)
	at org.springframework.amqp.rabbit.listener.AbstractMessageListenerContainer.invokeListener(AbstractMessageListenerContainer.java:1428)
	at org.springframework.amqp.rabbit.listener.AbstractMessageListenerContainer.doExecuteListener(AbstractMessageListenerContainer.java:1423)
	at org.springframework.amqp.rabbit.listener.AbstractMessageListenerContainer.executeListener(AbstractMessageListenerContainer.java:1372)
	at org.springframework.amqp.rabbit.listener.SimpleMessageListenerContainer.doReceiveAndExecute(SimpleMessageListenerContainer.java:870)
	at org.springframework.amqp.rabbit.listener.SimpleMessageListenerContainer.receiveAndExecute(SimpleMessageListenerContainer.java:854)
	at org.springframework.amqp.rabbit.listener.SimpleMessageListenerContainer.access$1600(SimpleMessageListenerContainer.java:78)
	at org.springframework.amqp.rabbit.listener.SimpleMessageListenerContainer$AsyncMessageProcessingConsumer.mainLoop(SimpleMessageListenerContainer.java:1137)
	at org.springframework.amqp.rabbit.listener.SimpleMessageListenerContainer$AsyncMessageProcessingConsumer.run(SimpleMessageListenerContainer.java:1043)
	at java.lang.Thread.run(Thread.java:748)
Caused by: java.lang.IllegalStateException: The mapped handler method class 'com.yushang.wallpaper.common.config.rabbitmq.ReceiveMessage.LogReceive$$EnhancerBySpringCGLIB$$548e553a' is not an instance of the actual endpoint bean class 'com.yushang.wallpaper.common.config.rabbitmq.ReceiveMessage.LogReceive$$EnhancerBySpringCGLIB$$d40609d8'. If the endpoint requires proxying (e.g. due to @Transactional), please use class-based proxying.
Endpoint [com.yushang.wallpaper.common.config.rabbitmq.ReceiveMessage.LogReceive]
Method [public final void com.yushang.wallpaper.common.config.rabbitmq.ReceiveMessage.LogReceive$$EnhancerBySpringCGLIB$$548e553a.receiveMessage2(com.yushang.wallpaper.common.pojo.TbLog,org.springframework.amqp.core.Message,com.rabbitmq.client.Channel)] with argument values:
 [0] [type=com.yushang.wallpaper.common.pojo.TbLog] [value=com.yushang.wallpaper.common.pojo.TbLog@35bd4c2f],
[1] [type=org.springframework.amqp.core.Message] [value=(Body:'{"systemLogId":null,"operateId":null,"type":2,"isSuccess":1,"requestParam":"{\"password\":\"123456\",\"rememberMe\":true,\"username\":\"admin\"}","requestUri":"/wallpaper/layer/user/submitLogin","methodName":"com.yushang.wallpaper.layer.controller.user.LoginController.submitLogin","managerIp":"0:0:0:0:0:0:0:1","createTime":"2020-10-11 13:15:55","title":"登录","operateType":1,"tabName":"tb_manager","sessionId":"jkknCxACS1ODuWAA","userName":null}' MessageProperties [headers={spring_returned_message_correlation=d9dde424-85f6-487c-824c-49b7133755ab, __TypeId__=com.yushang.wallpaper.common.pojo.TbLog}, contentType=application/json, contentEncoding=UTF-8, contentLength=0, receivedDeliveryMode=PERSISTENT, priority=0, redelivered=true, receivedExchange=log.exchange, receivedRoutingKey=log.routing.key, deliveryTag=1, consumerTag=amq.ctag-5QCnjUlVqit--MGJtuNysw, consumerQueue=log.queue])],
[2] [type=com.sun.proxy.$Proxy196] [value=Cached Rabbit Channel: PublisherCallbackChannelImpl: AMQChannel(amqp://guest@127.0.0.1:5672/,3), conn: Proxy@198c1658 Shared Rabbit Connection: SimpleConnection@734f0efc [delegate=amqp://guest@127.0.0.1:5672/, localPort= 61769]] 
	at org.springframework.messaging.handler.HandlerMethod.assertTargetBean(HandlerMethod.java:362)
	at org.springframework.messaging.handler.invocation.InvocableHandlerMethod.doInvoke(InvocableHandlerMethod.java:173)
	at org.springframework.messaging.handler.invocation.InvocableHandlerMethod.invoke(InvocableHandlerMethod.java:120)
	at org.springframework.amqp.rabbit.listener.adapter.HandlerAdapter.invoke(HandlerAdapter.java:49)
	at org.springframework.amqp.rabbit.listener.adapter.MessagingMessageListenerAdapter.invokeHandler(MessagingMessageListenerAdapter.java:190)
	... 12 common frames omitted
2020-10-13 01:27:53.261 WARN  org.springframework.amqp.rabbit.listener.ConditionalRejectingErrorHandler Line:117 - Execution of Rabbit message listener failed.
org.springframework.amqp.rabbit.listener.exception.ListenerExecutionFailedException: Listener method 'public final void com.yushang.wallpaper.common.config.rabbitmq.ReceiveMessage.LogReceive$$EnhancerBySpringCGLIB$$548e553a.receiveMessage2(com.yushang.wallpaper.common.pojo.TbLog,org.springframework.amqp.core.Message,com.rabbitmq.client.Channel)' threw exception
	at org.springframework.amqp.rabbit.listener.adapter.MessagingMessageListenerAdapter.invokeHandler(MessagingMessageListenerAdapter.java:198)
	at org.springframework.amqp.rabbit.listener.adapter.MessagingMessageListenerAdapter.onMessage(MessagingMessageListenerAdapter.java:127)
	at org.springframework.amqp.rabbit.listener.AbstractMessageListenerContainer.doInvokeListener(AbstractMessageListenerContainer.java:1514)
	at org.springframework.amqp.rabbit.listener.AbstractMessageListenerContainer.actualInvokeListener(AbstractMessageListenerContainer.java:1440)
	at org.springframework.amqp.rabbit.listener.AbstractMessageListenerContainer.invokeListener(AbstractMessageListenerContainer.java:1428)
	at org.springframework.amqp.rabbit.listener.AbstractMessageListenerContainer.doExecuteListener(AbstractMessageListenerContainer.java:1423)
	at org.springframework.amqp.rabbit.listener.AbstractMessageListenerContainer.executeListener(AbstractMessageListenerContainer.java:1372)
	at org.springframework.amqp.rabbit.listener.SimpleMessageListenerContainer.doReceiveAndExecute(SimpleMessageListenerContainer.java:870)
	at org.springframework.amqp.rabbit.listener.SimpleMessageListenerContainer.receiveAndExecute(SimpleMessageListenerContainer.java:854)
	at org.springframework.amqp.rabbit.listener.SimpleMessageListenerContainer.access$1600(SimpleMessageListenerContainer.java:78)
	at org.springframework.amqp.rabbit.listener.SimpleMessageListenerContainer$AsyncMessageProcessingConsumer.mainLoop(SimpleMessageListenerContainer.java:1137)
	at org.springframework.amqp.rabbit.listener.SimpleMessageListenerContainer$AsyncMessageProcessingConsumer.run(SimpleMessageListenerContainer.java:1043)
	at java.lang.Thread.run(Thread.java:748)
Caused by: java.lang.IllegalStateException: The mapped handler method class 'com.yushang.wallpaper.common.config.rabbitmq.ReceiveMessage.LogReceive$$EnhancerBySpringCGLIB$$548e553a' is not an instance of the actual endpoint bean class 'com.yushang.wallpaper.common.config.rabbitmq.ReceiveMessage.LogReceive$$EnhancerBySpringCGLIB$$d40609d8'. If the endpoint requires proxying (e.g. due to @Transactional), please use class-based proxying.
Endpoint [com.yushang.wallpaper.common.config.rabbitmq.ReceiveMessage.LogReceive]
Method [public final void com.yushang.wallpaper.common.config.rabbitmq.ReceiveMessage.LogReceive$$EnhancerBySpringCGLIB$$548e553a.receiveMessage2(com.yushang.wallpaper.common.pojo.TbLog,org.springframework.amqp.core.Message,com.rabbitmq.client.Channel)] with argument values:
 [0] [type=com.yushang.wallpaper.common.pojo.TbLog] [value=com.yushang.wallpaper.common.pojo.TbLog@bc69d46],
[1] [type=org.springframework.amqp.core.Message] [value=(Body:'{"systemLogId":null,"operateId":null,"type":2,"isSuccess":1,"requestParam":"com.yushang.wallpaper.layer.model.UserLoginRequest@6fb4172d","requestUri":"/wallpaper/layer/user/submitLogin","methodName":"com.yushang.wallpaper.layer.controller.user.LoginController.submitLogin","managerIp":"0:0:0:0:0:0:0:1","createTime":"2020-10-11 13:17:35","title":"登录","operateType":1,"tabName":"tb_manager","sessionId":"tWdLuYOZmsfmObJh","userName":null}' MessageProperties [headers={spring_returned_message_correlation=4a8396c2-e26a-4838-952e-dc9a43f8285e, __TypeId__=com.yushang.wallpaper.common.pojo.TbLog}, contentType=application/json, contentEncoding=UTF-8, contentLength=0, receivedDeliveryMode=PERSISTENT, priority=0, redelivered=true, receivedExchange=log.exchange, receivedRoutingKey=log.routing.key, deliveryTag=1, consumerTag=amq.ctag-JPhEoy61ZUAJ1ixbDFb0xA, consumerQueue=log.queue])],
[2] [type=com.sun.proxy.$Proxy196] [value=Cached Rabbit Channel: PublisherCallbackChannelImpl: AMQChannel(amqp://guest@127.0.0.1:5672/,4), conn: Proxy@198c1658 Shared Rabbit Connection: SimpleConnection@734f0efc [delegate=amqp://guest@127.0.0.1:5672/, localPort= 61769]] 
	at org.springframework.messaging.handler.HandlerMethod.assertTargetBean(HandlerMethod.java:362)
	at org.springframework.messaging.handler.invocation.InvocableHandlerMethod.doInvoke(InvocableHandlerMethod.java:173)
	at org.springframework.messaging.handler.invocation.InvocableHandlerMethod.invoke(InvocableHandlerMethod.java:120)
	at org.springframework.amqp.rabbit.listener.adapter.HandlerAdapter.invoke(HandlerAdapter.java:49)
	at org.springframework.amqp.rabbit.listener.adapter.MessagingMessageListenerAdapter.invokeHandler(MessagingMessageListenerAdapter.java:190)
	... 12 common frames omitted
