2020-10-19 22:50:45.891 INFO  com.yushang.wallpaper.WallpaperApplication Line:50  - Starting WallpaperApplication on LAPTOP-80KEPNBB with PID 21800 (D:\Java\JavaProjects\wallpaper\wallpaper\target\classes started by lenovo in D:\Java\JavaProjects\wallpaper\wallpaper)
2020-10-19 22:50:45.896 INFO  com.yushang.wallpaper.WallpaperApplication Line:679 - The following profiles are active: dev
2020-10-19 22:50:50.854 INFO  org.apache.coyote.http11.Http11NioProtocol Line:173 - Initializing ProtocolHandler ["http-nio-18980"]
2020-10-19 22:50:50.861 INFO  org.apache.catalina.core.StandardService Line:173 - Starting service [Tomcat]
2020-10-19 22:50:50.861 INFO  org.apache.catalina.core.StandardEngine Line:173 - Starting Servlet engine: [Apache Tomcat/9.0.14]
2020-10-19 22:50:50.868 INFO  org.apache.catalina.core.AprLifecycleListener Line:173 - The APR based Apache Tomcat Native library which allows optimal performance in production environments was not found on the java.library.path: [D:\Java\JavaTools\JDK\JDK8\bin;C:\WINDOWS\Sun\Java\bin;C:\WINDOWS\system32;C:\WINDOWS;D:\Java\JavaTools\xshell\;C:\Program Files (x86)\Common Files\Oracle\Java\javapath;C:\ProgramData\Oracle\Java\javapath;C:\Windows\system32;C:\Windows;C:\Windows\System32\Wbem;C:\Windows\System32\WindowsPowerShell\v1.0\;C:\Windows\System32\OpenSSH\;C:\Program Files (x86)\NVIDIA Corporation\PhysX\Common;C:\WINDOWS\system32;C:\WINDOWS;C:\WINDOWS\System32\Wbem;C:\WINDOWS\System32\WindowsPowerShell\v1.0\;C:\WINDOWS\System32\OpenSSH\;D:\Java\JavaTools\JDK\JDK8\bin;C:\Program Files\NVIDIA Corporation\NVIDIA NvDLISR;D:\Java\JavaTools\Navicat Premium\mysql-5.6.46-winx64\bin;D:\Java\JavaTools\RabbitMQ\erlang\erl10.7\bin;C:\WINDOWS\system32;C:\WINDOWS;C:\WINDOWS\System32\Wbem;C:\WINDOWS\System32\WindowsPowerShell\v1.0\;C:\WINDOWS\System32\OpenSSH\;D:\Java\JavaTools\Git\Git\cmd;D:\Java\JavaTools\Maven\apache-maven-3.5.3\bin;E:\Java\RailsInstaller\RailsInstaller\Git\cmd;E:\Java\RailsInstaller\RailsInstaller\Ruby2.3.3\bin;C:\Users\lenovo\AppData\Local\Microsoft\WindowsApps;D:\Java\JavaTools\IDEA\IntelliJ IDEA 2018.3.1\bin;;;.]
2020-10-19 22:50:50.980 INFO  org.apache.catalina.core.ContainerBase.[Tomcat].[localhost].[/wallpaper] Line:173 - Initializing Spring embedded WebApplicationContext
2020-10-19 22:50:51.188 INFO  com.zaxxer.hikari.HikariDataSource Line:110 - HikariPool-1 - Starting...
2020-10-19 22:50:51.293 INFO  com.zaxxer.hikari.HikariDataSource Line:123 - HikariPool-1 - Start completed.
2020-10-19 22:50:53.342 INFO  org.quartz.impl.StdSchedulerFactory Line:1208 - Using default implementation for ThreadExecutor
2020-10-19 22:50:53.344 INFO  org.quartz.simpl.SimpleThreadPool Line:268 - Job execution threads will use class loader of thread: restartedMain
2020-10-19 22:50:53.352 INFO  org.quartz.core.SchedulerSignalerImpl Line:61  - Initialized Scheduler Signaller of type: class org.quartz.core.SchedulerSignalerImpl
2020-10-19 22:50:53.353 INFO  org.quartz.core.QuartzScheduler Line:229 - Quartz Scheduler v.2.3.0 created.
2020-10-19 22:50:53.354 INFO  org.quartz.simpl.RAMJobStore Line:155 - RAMJobStore initialized.
2020-10-19 22:50:53.354 INFO  org.quartz.core.QuartzScheduler Line:294 - Scheduler meta-data: Quartz Scheduler (v2.3.0) 'DefaultQuartzScheduler' with instanceId 'NON_CLUSTERED'
  Scheduler class: 'org.quartz.core.QuartzScheduler' - running locally.
  NOT STARTED.
  Currently in standby mode.
  Number of jobs executed: 0
  Using thread pool 'org.quartz.simpl.SimpleThreadPool' - with 10 threads.
  Using job-store 'org.quartz.simpl.RAMJobStore' - which does not support persistence. and is not clustered.

2020-10-19 22:50:53.354 INFO  org.quartz.impl.StdSchedulerFactory Line:1362 - Quartz scheduler 'DefaultQuartzScheduler' initialized from default resource file in Quartz package: 'quartz.properties'
2020-10-19 22:50:53.354 INFO  org.quartz.impl.StdSchedulerFactory Line:1366 - Quartz scheduler version: 2.3.0
2020-10-19 22:50:54.255 INFO  springfox.documentation.spring.web.PropertySourcedRequestMappingHandlerMapping Line:69  - Mapped URL path [/v2/api-docs] onto method [public org.springframework.http.ResponseEntity<springfox.documentation.spring.web.json.Json> springfox.documentation.swagger2.web.Swagger2Controller.getDocumentation(java.lang.String,javax.servlet.http.HttpServletRequest)]
2020-10-19 22:50:55.328 INFO  org.quartz.impl.StdSchedulerFactory Line:1208 - Using default implementation for ThreadExecutor
2020-10-19 22:50:55.329 INFO  org.quartz.core.SchedulerSignalerImpl Line:61  - Initialized Scheduler Signaller of type: class org.quartz.core.SchedulerSignalerImpl
2020-10-19 22:50:55.330 INFO  org.quartz.core.QuartzScheduler Line:229 - Quartz Scheduler v.2.3.0 created.
2020-10-19 22:50:55.330 INFO  org.quartz.simpl.RAMJobStore Line:155 - RAMJobStore initialized.
2020-10-19 22:50:55.330 INFO  org.quartz.core.QuartzScheduler Line:294 - Scheduler meta-data: Quartz Scheduler (v2.3.0) 'quartzScheduler' with instanceId 'NON_CLUSTERED'
  Scheduler class: 'org.quartz.core.QuartzScheduler' - running locally.
  NOT STARTED.
  Currently in standby mode.
  Number of jobs executed: 0
  Using thread pool 'org.quartz.simpl.SimpleThreadPool' - with 10 threads.
  Using job-store 'org.quartz.simpl.RAMJobStore' - which does not support persistence. and is not clustered.

2020-10-19 22:50:55.330 INFO  org.quartz.impl.StdSchedulerFactory Line:1362 - Quartz scheduler 'quartzScheduler' initialized from an externally provided properties instance.
2020-10-19 22:50:55.330 INFO  org.quartz.impl.StdSchedulerFactory Line:1366 - Quartz scheduler version: 2.3.0
2020-10-19 22:50:55.331 INFO  org.quartz.core.QuartzScheduler Line:2287 - JobFactory set to: org.springframework.scheduling.quartz.SpringBeanJobFactory@6da2c9b3
2020-10-19 22:50:55.606 INFO  springfox.documentation.spring.web.plugins.DocumentationPluginsBootstrapper Line:151 - Context refreshed
2020-10-19 22:50:55.625 INFO  springfox.documentation.spring.web.plugins.DocumentationPluginsBootstrapper Line:154 - Found 2 custom documentation plugin(s)
2020-10-19 22:50:55.660 INFO  springfox.documentation.spring.web.scanners.ApiListingReferenceScanner Line:41  - Scanning for api listing references
2020-10-19 22:50:55.775 INFO  springfox.documentation.spring.web.scanners.ApiListingReferenceScanner Line:41  - Scanning for api listing references
2020-10-19 22:50:56.019 INFO  org.quartz.core.QuartzScheduler Line:547 - Scheduler quartzScheduler_$_NON_CLUSTERED started.
2020-10-19 22:50:56.059 INFO  org.quartz.core.QuartzScheduler Line:547 - Scheduler DefaultQuartzScheduler_$_NON_CLUSTERED started.
2020-10-19 22:50:56.061 INFO  org.apache.coyote.http11.Http11NioProtocol Line:173 - Starting ProtocolHandler ["http-nio-18980"]
2020-10-19 22:50:56.091 INFO  com.yushang.wallpaper.WallpaperApplication Line:59  - Started WallpaperApplication in 10.68 seconds (JVM running for 12.317)
2020-10-19 22:50:56.095 INFO  com.yushang.wallpaper.WallpaperApplication Line:19  - ==========================================
2020-10-19 22:50:56.095 INFO  com.yushang.wallpaper.WallpaperApplication Line:20  - ============= 项目启动成功 ===============
2020-10-19 22:50:56.095 INFO  com.yushang.wallpaper.WallpaperApplication Line:21  - ==========================================
2020-10-19 22:52:12.121 INFO  org.apache.catalina.core.ContainerBase.[Tomcat].[localhost].[/wallpaper] Line:173 - Initializing Spring DispatcherServlet 'dispatcherServlet'
2020-10-19 22:52:14.634 INFO  com.yushang.wallpaper.common.config.aop.log.LogAspect Line:66  - REQUEST|USER_LOGIN|sdOU96P5u2jVTlLE|{"password":"123456","rememberMe":true,"username":"admin"}
2020-10-19 22:52:14.823 INFO  io.lettuce.core.EpollProvider Line:68  - Starting without optional epoll library
2020-10-19 22:52:14.824 INFO  io.lettuce.core.KqueueProvider Line:70  - Starting without optional kqueue library
2020-10-19 22:52:16.227 INFO  com.yushang.wallpaper.common.config.aop.log.LogAspect Line:126 - RESPONSE|USER_LOGIN|sdOU96P5u2jVTlLE|{"message":"SUCCESS","rows":"/wallpaper/skip/common/index","status":200,"total":0}
2020-10-19 22:52:16.478 INFO  org.apache.shiro.realm.AuthorizingRealm Line:248 - No cache or cacheManager properties have been set.  Authorization cache cannot be obtained.
2020-10-19 22:52:16.490 INFO  org.apache.shiro.realm.AuthorizingRealm Line:248 - No cache or cacheManager properties have been set.  Authorization cache cannot be obtained.
2020-10-19 22:52:16.494 INFO  org.apache.shiro.realm.AuthorizingRealm Line:248 - No cache or cacheManager properties have been set.  Authorization cache cannot be obtained.
2020-10-19 22:52:16.503 INFO  org.apache.shiro.realm.AuthorizingRealm Line:248 - No cache or cacheManager properties have been set.  Authorization cache cannot be obtained.
2020-10-19 22:52:16.511 INFO  org.apache.shiro.realm.AuthorizingRealm Line:248 - No cache or cacheManager properties have been set.  Authorization cache cannot be obtained.
2020-10-19 22:52:16.524 INFO  org.apache.shiro.realm.AuthorizingRealm Line:248 - No cache or cacheManager properties have been set.  Authorization cache cannot be obtained.
2020-10-19 22:52:16.532 INFO  org.apache.shiro.realm.AuthorizingRealm Line:248 - No cache or cacheManager properties have been set.  Authorization cache cannot be obtained.
2020-10-19 22:52:16.540 INFO  org.apache.shiro.realm.AuthorizingRealm Line:248 - No cache or cacheManager properties have been set.  Authorization cache cannot be obtained.
2020-10-19 22:52:17.974 INFO  org.apache.shiro.realm.AuthorizingRealm Line:248 - No cache or cacheManager properties have been set.  Authorization cache cannot be obtained.
2020-10-19 22:52:18.080 INFO  org.apache.shiro.realm.AuthorizingRealm Line:248 - No cache or cacheManager properties have been set.  Authorization cache cannot be obtained.
2020-10-19 22:52:18.087 INFO  org.apache.shiro.realm.AuthorizingRealm Line:248 - No cache or cacheManager properties have been set.  Authorization cache cannot be obtained.
2020-10-19 22:52:18.093 INFO  org.apache.shiro.realm.AuthorizingRealm Line:248 - No cache or cacheManager properties have been set.  Authorization cache cannot be obtained.
2020-10-19 22:52:18.098 INFO  org.apache.shiro.realm.AuthorizingRealm Line:248 - No cache or cacheManager properties have been set.  Authorization cache cannot be obtained.
2020-10-19 22:52:18.103 INFO  com.yushang.wallpaper.common.config.aop.log.LogAspect Line:66  - REQUEST|SHOP_LIST|99AYBzIU8ngfTCT2|{"deleteFlag":0,"size":50,"shopName":"","page":1,"username":""}
2020-10-19 22:52:18.118 INFO  com.yushang.wallpaper.common.config.aop.log.LogAspect Line:126 - RESPONSE|SHOP_LIST|99AYBzIU8ngfTCT2|{"message":"SUCCESS","rows":[],"status":200,"total":0}
2020-10-19 22:52:19.184 INFO  org.apache.shiro.realm.AuthorizingRealm Line:248 - No cache or cacheManager properties have been set.  Authorization cache cannot be obtained.
2020-10-19 22:52:19.189 INFO  org.apache.shiro.realm.AuthorizingRealm Line:248 - No cache or cacheManager properties have been set.  Authorization cache cannot be obtained.
2020-10-19 22:52:19.270 INFO  org.apache.shiro.realm.AuthorizingRealm Line:248 - No cache or cacheManager properties have been set.  Authorization cache cannot be obtained.
2020-10-19 22:52:19.276 INFO  org.apache.shiro.realm.AuthorizingRealm Line:248 - No cache or cacheManager properties have been set.  Authorization cache cannot be obtained.
2020-10-19 22:52:19.283 INFO  org.apache.shiro.realm.AuthorizingRealm Line:248 - No cache or cacheManager properties have been set.  Authorization cache cannot be obtained.
2020-10-19 22:52:19.289 INFO  org.apache.shiro.realm.AuthorizingRealm Line:248 - No cache or cacheManager properties have been set.  Authorization cache cannot be obtained.
2020-10-19 22:52:19.293 INFO  org.apache.shiro.realm.AuthorizingRealm Line:248 - No cache or cacheManager properties have been set.  Authorization cache cannot be obtained.
2020-10-19 22:52:19.297 INFO  org.apache.shiro.realm.AuthorizingRealm Line:248 - No cache or cacheManager properties have been set.  Authorization cache cannot be obtained.
2020-10-19 22:52:19.303 INFO  com.yushang.wallpaper.common.config.aop.log.LogAspect Line:66  - REQUEST|USER_LIST|38GgkT11U4r1Dhrc|{"deleteFlag":0,"size":50,"mobile":"","page":1,"usernameLikeQuery":""}
2020-10-19 22:52:19.313 INFO  com.yushang.wallpaper.common.config.aop.log.LogAspect Line:126 - RESPONSE|USER_LIST|38GgkT11U4r1Dhrc|{"message":"SUCCESS","rows":[],"status":200,"total":0}
2020-10-19 22:52:20.414 INFO  org.apache.shiro.realm.AuthorizingRealm Line:248 - No cache or cacheManager properties have been set.  Authorization cache cannot be obtained.
2020-10-19 22:52:20.498 INFO  org.apache.shiro.realm.AuthorizingRealm Line:248 - No cache or cacheManager properties have been set.  Authorization cache cannot be obtained.
2020-10-19 22:52:20.501 INFO  org.apache.shiro.realm.AuthorizingRealm Line:248 - No cache or cacheManager properties have been set.  Authorization cache cannot be obtained.
2020-10-19 22:52:20.507 INFO  org.apache.shiro.realm.AuthorizingRealm Line:248 - No cache or cacheManager properties have been set.  Authorization cache cannot be obtained.
2020-10-19 22:52:20.510 INFO  org.apache.shiro.realm.AuthorizingRealm Line:248 - No cache or cacheManager properties have been set.  Authorization cache cannot be obtained.
2020-10-19 22:52:20.519 INFO  com.yushang.wallpaper.common.config.aop.log.LogAspect Line:66  - REQUEST|MANAGER_LIST|qVhkiHhb9Rwd0TEm|{"size":30,"telphone":"","page":1,"sort":1,"username":""}
2020-10-19 22:52:20.531 INFO  com.yushang.wallpaper.common.config.aop.log.LogAspect Line:126 - RESPONSE|MANAGER_LIST|qVhkiHhb9Rwd0TEm|{"message":"SUCCESS","rows":[{"createTime":1603008812653,"deleteFlag":0,"isUse":0,"managerId":3,"password":"9cd5ecf53fcc01040320020ae72ccf62","salt":"yuanyuan","telphone":"15100408798","userNick":"马涛","userRole":1,"username":"yuanyuan"},{"createTime":1603004809130,"deleteFlag":0,"isUse":0,"managerId":2,"password":"9dc24106b4d7873e01771f6c41de4fcc","salt":"matao","telphone":"1510000000","userNick":"马涛","userRole":1,"username":"matao"},{"createTime":1602520182000,"deleteFlag":0,"isUse":0,"lastLoginTime":1603119134702,"managerId":1,"password":"9aa75c4d70930277f59d117ce19188b0","salt":"admin","telphone":"15100408798","userNick":"淘沙者","userRole":1,"username":"admin"}],"status":200,"total":3}
2020-10-19 23:06:31.587 INFO  org.quartz.core.QuartzScheduler Line:585 - Scheduler quartzScheduler_$_NON_CLUSTERED paused.
2020-10-19 23:06:31.590 INFO  org.quartz.core.QuartzScheduler Line:666 - Scheduler quartzScheduler_$_NON_CLUSTERED shutting down.
2020-10-19 23:06:31.591 INFO  org.quartz.core.QuartzScheduler Line:585 - Scheduler quartzScheduler_$_NON_CLUSTERED paused.
2020-10-19 23:06:31.591 INFO  org.quartz.core.QuartzScheduler Line:740 - Scheduler quartzScheduler_$_NON_CLUSTERED shutdown complete.
2020-10-19 23:06:31.595 INFO  org.quartz.core.QuartzScheduler Line:666 - Scheduler DefaultQuartzScheduler_$_NON_CLUSTERED shutting down.
2020-10-19 23:06:31.596 INFO  org.quartz.core.QuartzScheduler Line:585 - Scheduler DefaultQuartzScheduler_$_NON_CLUSTERED paused.
2020-10-19 23:06:31.596 INFO  org.quartz.core.QuartzScheduler Line:740 - Scheduler DefaultQuartzScheduler_$_NON_CLUSTERED shutdown complete.
2020-10-19 23:06:32.732 INFO  com.zaxxer.hikari.HikariDataSource Line:350 - HikariPool-1 - Shutdown initiated...
2020-10-19 23:06:32.740 INFO  com.zaxxer.hikari.HikariDataSource Line:352 - HikariPool-1 - Shutdown completed.
2020-10-19 23:43:59.920 INFO  com.yushang.wallpaper.WallpaperApplication Line:50  - Starting WallpaperApplication on LAPTOP-80KEPNBB with PID 14572 (D:\Java\JavaProjects\wallpaper\wallpaper\target\classes started by lenovo in D:\Java\JavaProjects\wallpaper\wallpaper)
2020-10-19 23:43:59.923 INFO  com.yushang.wallpaper.WallpaperApplication Line:679 - The following profiles are active: dev
2020-10-19 23:44:03.047 INFO  org.apache.coyote.http11.Http11NioProtocol Line:173 - Initializing ProtocolHandler ["http-nio-18980"]
2020-10-19 23:44:03.053 INFO  org.apache.catalina.core.StandardService Line:173 - Starting service [Tomcat]
2020-10-19 23:44:03.054 INFO  org.apache.catalina.core.StandardEngine Line:173 - Starting Servlet engine: [Apache Tomcat/9.0.14]
2020-10-19 23:44:03.059 INFO  org.apache.catalina.core.AprLifecycleListener Line:173 - The APR based Apache Tomcat Native library which allows optimal performance in production environments was not found on the java.library.path: [D:\Java\JavaTools\JDK\JDK8\bin;C:\WINDOWS\Sun\Java\bin;C:\WINDOWS\system32;C:\WINDOWS;D:\Java\JavaTools\xshell\;C:\Program Files (x86)\Common Files\Oracle\Java\javapath;C:\ProgramData\Oracle\Java\javapath;C:\Windows\system32;C:\Windows;C:\Windows\System32\Wbem;C:\Windows\System32\WindowsPowerShell\v1.0\;C:\Windows\System32\OpenSSH\;C:\Program Files (x86)\NVIDIA Corporation\PhysX\Common;C:\WINDOWS\system32;C:\WINDOWS;C:\WINDOWS\System32\Wbem;C:\WINDOWS\System32\WindowsPowerShell\v1.0\;C:\WINDOWS\System32\OpenSSH\;D:\Java\JavaTools\JDK\JDK8\bin;C:\Program Files\NVIDIA Corporation\NVIDIA NvDLISR;D:\Java\JavaTools\Navicat Premium\mysql-5.6.46-winx64\bin;D:\Java\JavaTools\RabbitMQ\erlang\erl10.7\bin;C:\WINDOWS\system32;C:\WINDOWS;C:\WINDOWS\System32\Wbem;C:\WINDOWS\System32\WindowsPowerShell\v1.0\;C:\WINDOWS\System32\OpenSSH\;D:\Java\JavaTools\Git\Git\cmd;D:\Java\JavaTools\Maven\apache-maven-3.5.3\bin;E:\Java\RailsInstaller\RailsInstaller\Git\cmd;E:\Java\RailsInstaller\RailsInstaller\Ruby2.3.3\bin;C:\Users\lenovo\AppData\Local\Microsoft\WindowsApps;D:\Java\JavaTools\IDEA\IntelliJ IDEA 2018.3.1\bin;;;.]
2020-10-19 23:44:03.168 INFO  org.apache.catalina.core.ContainerBase.[Tomcat].[localhost].[/wallpaper] Line:173 - Initializing Spring embedded WebApplicationContext
2020-10-19 23:44:03.338 INFO  com.zaxxer.hikari.HikariDataSource Line:110 - HikariPool-1 - Starting...
2020-10-19 23:44:03.427 INFO  com.zaxxer.hikari.HikariDataSource Line:123 - HikariPool-1 - Start completed.
2020-10-19 23:44:05.038 INFO  org.quartz.impl.StdSchedulerFactory Line:1208 - Using default implementation for ThreadExecutor
2020-10-19 23:44:05.039 INFO  org.quartz.simpl.SimpleThreadPool Line:268 - Job execution threads will use class loader of thread: restartedMain
2020-10-19 23:44:05.048 INFO  org.quartz.core.SchedulerSignalerImpl Line:61  - Initialized Scheduler Signaller of type: class org.quartz.core.SchedulerSignalerImpl
2020-10-19 23:44:05.049 INFO  org.quartz.core.QuartzScheduler Line:229 - Quartz Scheduler v.2.3.0 created.
2020-10-19 23:44:05.049 INFO  org.quartz.simpl.RAMJobStore Line:155 - RAMJobStore initialized.
2020-10-19 23:44:05.050 INFO  org.quartz.core.QuartzScheduler Line:294 - Scheduler meta-data: Quartz Scheduler (v2.3.0) 'DefaultQuartzScheduler' with instanceId 'NON_CLUSTERED'
  Scheduler class: 'org.quartz.core.QuartzScheduler' - running locally.
  NOT STARTED.
  Currently in standby mode.
  Number of jobs executed: 0
  Using thread pool 'org.quartz.simpl.SimpleThreadPool' - with 10 threads.
  Using job-store 'org.quartz.simpl.RAMJobStore' - which does not support persistence. and is not clustered.

2020-10-19 23:44:05.050 INFO  org.quartz.impl.StdSchedulerFactory Line:1362 - Quartz scheduler 'DefaultQuartzScheduler' initialized from default resource file in Quartz package: 'quartz.properties'
2020-10-19 23:44:05.050 INFO  org.quartz.impl.StdSchedulerFactory Line:1366 - Quartz scheduler version: 2.3.0
2020-10-19 23:44:05.830 INFO  springfox.documentation.spring.web.PropertySourcedRequestMappingHandlerMapping Line:69  - Mapped URL path [/v2/api-docs] onto method [public org.springframework.http.ResponseEntity<springfox.documentation.spring.web.json.Json> springfox.documentation.swagger2.web.Swagger2Controller.getDocumentation(java.lang.String,javax.servlet.http.HttpServletRequest)]
2020-10-19 23:44:06.745 INFO  org.quartz.impl.StdSchedulerFactory Line:1208 - Using default implementation for ThreadExecutor
2020-10-19 23:44:06.746 INFO  org.quartz.core.SchedulerSignalerImpl Line:61  - Initialized Scheduler Signaller of type: class org.quartz.core.SchedulerSignalerImpl
2020-10-19 23:44:06.746 INFO  org.quartz.core.QuartzScheduler Line:229 - Quartz Scheduler v.2.3.0 created.
2020-10-19 23:44:06.747 INFO  org.quartz.simpl.RAMJobStore Line:155 - RAMJobStore initialized.
2020-10-19 23:44:06.747 INFO  org.quartz.core.QuartzScheduler Line:294 - Scheduler meta-data: Quartz Scheduler (v2.3.0) 'quartzScheduler' with instanceId 'NON_CLUSTERED'
  Scheduler class: 'org.quartz.core.QuartzScheduler' - running locally.
  NOT STARTED.
  Currently in standby mode.
  Number of jobs executed: 0
  Using thread pool 'org.quartz.simpl.SimpleThreadPool' - with 10 threads.
  Using job-store 'org.quartz.simpl.RAMJobStore' - which does not support persistence. and is not clustered.

2020-10-19 23:44:06.747 INFO  org.quartz.impl.StdSchedulerFactory Line:1362 - Quartz scheduler 'quartzScheduler' initialized from an externally provided properties instance.
2020-10-19 23:44:06.747 INFO  org.quartz.impl.StdSchedulerFactory Line:1366 - Quartz scheduler version: 2.3.0
2020-10-19 23:44:06.747 INFO  org.quartz.core.QuartzScheduler Line:2287 - JobFactory set to: org.springframework.scheduling.quartz.SpringBeanJobFactory@5b19ae77
2020-10-19 23:44:06.956 INFO  springfox.documentation.spring.web.plugins.DocumentationPluginsBootstrapper Line:151 - Context refreshed
2020-10-19 23:44:06.972 INFO  springfox.documentation.spring.web.plugins.DocumentationPluginsBootstrapper Line:154 - Found 2 custom documentation plugin(s)
2020-10-19 23:44:06.998 INFO  springfox.documentation.spring.web.scanners.ApiListingReferenceScanner Line:41  - Scanning for api listing references
2020-10-19 23:44:07.093 INFO  springfox.documentation.spring.web.scanners.ApiListingReferenceScanner Line:41  - Scanning for api listing references
2020-10-19 23:44:07.251 INFO  org.quartz.core.QuartzScheduler Line:547 - Scheduler quartzScheduler_$_NON_CLUSTERED started.
2020-10-19 23:44:07.305 INFO  org.quartz.core.QuartzScheduler Line:547 - Scheduler DefaultQuartzScheduler_$_NON_CLUSTERED started.
2020-10-19 23:44:07.306 INFO  org.apache.coyote.http11.Http11NioProtocol Line:173 - Starting ProtocolHandler ["http-nio-18980"]
2020-10-19 23:44:07.328 INFO  com.yushang.wallpaper.WallpaperApplication Line:59  - Started WallpaperApplication in 7.997 seconds (JVM running for 9.422)
2020-10-19 23:44:07.332 INFO  com.yushang.wallpaper.WallpaperApplication Line:19  - ==========================================
2020-10-19 23:44:07.332 INFO  com.yushang.wallpaper.WallpaperApplication Line:20  - ============= 项目启动成功 ===============
2020-10-19 23:44:07.332 INFO  com.yushang.wallpaper.WallpaperApplication Line:21  - ==========================================
2020-10-19 23:45:30.935 INFO  org.apache.catalina.core.ContainerBase.[Tomcat].[localhost].[/wallpaper] Line:173 - Initializing Spring DispatcherServlet 'dispatcherServlet'
2020-10-19 23:45:32.786 INFO  com.yushang.wallpaper.common.config.aop.log.LogAspect Line:61  - REQUEST|USER_LOGIN|QVZlRVOrDTWRzTsz|{"password":"123456","rememberMe":true,"username":"admin"}
2020-10-19 23:45:32.943 INFO  io.lettuce.core.EpollProvider Line:68  - Starting without optional epoll library
2020-10-19 23:45:32.944 INFO  io.lettuce.core.KqueueProvider Line:70  - Starting without optional kqueue library
2020-10-19 23:45:34.111 INFO  com.yushang.wallpaper.common.config.aop.log.LogAspect Line:121 - RESPONSE|USER_LOGIN|QVZlRVOrDTWRzTsz|{"message":"SUCCESS","rows":"/wallpaper/skip/common/index","status":200,"total":0}
2020-10-19 23:45:34.299 INFO  org.apache.shiro.realm.AuthorizingRealm Line:248 - No cache or cacheManager properties have been set.  Authorization cache cannot be obtained.
2020-10-19 23:45:34.310 INFO  org.apache.shiro.realm.AuthorizingRealm Line:248 - No cache or cacheManager properties have been set.  Authorization cache cannot be obtained.
2020-10-19 23:45:34.315 INFO  org.apache.shiro.realm.AuthorizingRealm Line:248 - No cache or cacheManager properties have been set.  Authorization cache cannot be obtained.
2020-10-19 23:45:34.322 INFO  org.apache.shiro.realm.AuthorizingRealm Line:248 - No cache or cacheManager properties have been set.  Authorization cache cannot be obtained.
2020-10-19 23:45:34.330 INFO  org.apache.shiro.realm.AuthorizingRealm Line:248 - No cache or cacheManager properties have been set.  Authorization cache cannot be obtained.
2020-10-19 23:45:34.341 INFO  org.apache.shiro.realm.AuthorizingRealm Line:248 - No cache or cacheManager properties have been set.  Authorization cache cannot be obtained.
2020-10-19 23:45:34.350 INFO  org.apache.shiro.realm.AuthorizingRealm Line:248 - No cache or cacheManager properties have been set.  Authorization cache cannot be obtained.
2020-10-19 23:45:34.360 INFO  org.apache.shiro.realm.AuthorizingRealm Line:248 - No cache or cacheManager properties have been set.  Authorization cache cannot be obtained.
2020-10-19 23:45:37.816 INFO  org.apache.shiro.realm.AuthorizingRealm Line:248 - No cache or cacheManager properties have been set.  Authorization cache cannot be obtained.
2020-10-19 23:45:37.820 INFO  org.apache.shiro.realm.AuthorizingRealm Line:248 - No cache or cacheManager properties have been set.  Authorization cache cannot be obtained.
2020-10-19 23:45:37.889 INFO  org.apache.shiro.realm.AuthorizingRealm Line:248 - No cache or cacheManager properties have been set.  Authorization cache cannot be obtained.
2020-10-19 23:45:37.893 INFO  org.apache.shiro.realm.AuthorizingRealm Line:248 - No cache or cacheManager properties have been set.  Authorization cache cannot be obtained.
2020-10-19 23:45:37.897 INFO  org.apache.shiro.realm.AuthorizingRealm Line:248 - No cache or cacheManager properties have been set.  Authorization cache cannot be obtained.
2020-10-19 23:45:37.903 INFO  org.apache.shiro.realm.AuthorizingRealm Line:248 - No cache or cacheManager properties have been set.  Authorization cache cannot be obtained.
2020-10-19 23:45:37.907 INFO  org.apache.shiro.realm.AuthorizingRealm Line:248 - No cache or cacheManager properties have been set.  Authorization cache cannot be obtained.
2020-10-19 23:45:37.910 INFO  org.apache.shiro.realm.AuthorizingRealm Line:248 - No cache or cacheManager properties have been set.  Authorization cache cannot be obtained.
2020-10-19 23:45:37.915 INFO  com.yushang.wallpaper.common.config.aop.log.LogAspect Line:61  - REQUEST|PRODUCT_LABEL_LIST|c3qBVBpYXkZKOq16|{"size":50,"page":1}
2020-10-19 23:45:37.946 INFO  com.yushang.wallpaper.common.config.aop.log.LogAspect Line:121 - RESPONSE|PRODUCT_LABEL_LIST|c3qBVBpYXkZKOq16|{"message":"SUCCESS","rows":[{"createTime":1603121878000,"deleteFlag":0,"productLabelId":1,"productLabelName":"壁纸"}],"status":200,"total":1}
2020-10-19 23:46:37.589 INFO  com.yushang.wallpaper.WallpaperApplication Line:50  - Starting WallpaperApplication on LAPTOP-80KEPNBB with PID 12872 (D:\Java\JavaProjects\wallpaper\wallpaper\target\classes started by lenovo in D:\Java\JavaProjects\wallpaper\wallpaper)
2020-10-19 23:46:37.593 INFO  com.yushang.wallpaper.WallpaperApplication Line:679 - The following profiles are active: dev
2020-10-19 23:46:40.883 INFO  org.apache.coyote.http11.Http11NioProtocol Line:173 - Initializing ProtocolHandler ["http-nio-18980"]
2020-10-19 23:46:40.889 INFO  org.apache.catalina.core.StandardService Line:173 - Starting service [Tomcat]
2020-10-19 23:46:40.889 INFO  org.apache.catalina.core.StandardEngine Line:173 - Starting Servlet engine: [Apache Tomcat/9.0.14]
2020-10-19 23:46:40.895 INFO  org.apache.catalina.core.AprLifecycleListener Line:173 - The APR based Apache Tomcat Native library which allows optimal performance in production environments was not found on the java.library.path: [D:\Java\JavaTools\JDK\JDK8\bin;C:\WINDOWS\Sun\Java\bin;C:\WINDOWS\system32;C:\WINDOWS;D:\Java\JavaTools\xshell\;C:\Program Files (x86)\Common Files\Oracle\Java\javapath;C:\ProgramData\Oracle\Java\javapath;C:\Windows\system32;C:\Windows;C:\Windows\System32\Wbem;C:\Windows\System32\WindowsPowerShell\v1.0\;C:\Windows\System32\OpenSSH\;C:\Program Files (x86)\NVIDIA Corporation\PhysX\Common;C:\WINDOWS\system32;C:\WINDOWS;C:\WINDOWS\System32\Wbem;C:\WINDOWS\System32\WindowsPowerShell\v1.0\;C:\WINDOWS\System32\OpenSSH\;D:\Java\JavaTools\JDK\JDK8\bin;C:\Program Files\NVIDIA Corporation\NVIDIA NvDLISR;D:\Java\JavaTools\Navicat Premium\mysql-5.6.46-winx64\bin;D:\Java\JavaTools\RabbitMQ\erlang\erl10.7\bin;C:\WINDOWS\system32;C:\WINDOWS;C:\WINDOWS\System32\Wbem;C:\WINDOWS\System32\WindowsPowerShell\v1.0\;C:\WINDOWS\System32\OpenSSH\;D:\Java\JavaTools\Git\Git\cmd;D:\Java\JavaTools\Maven\apache-maven-3.5.3\bin;E:\Java\RailsInstaller\RailsInstaller\Git\cmd;E:\Java\RailsInstaller\RailsInstaller\Ruby2.3.3\bin;C:\Users\lenovo\AppData\Local\Microsoft\WindowsApps;D:\Java\JavaTools\IDEA\IntelliJ IDEA 2018.3.1\bin;;;.]
2020-10-19 23:46:40.983 INFO  org.apache.catalina.core.ContainerBase.[Tomcat].[localhost].[/wallpaper] Line:173 - Initializing Spring embedded WebApplicationContext
2020-10-19 23:46:41.155 INFO  com.zaxxer.hikari.HikariDataSource Line:110 - HikariPool-1 - Starting...
2020-10-19 23:46:41.247 INFO  com.zaxxer.hikari.HikariDataSource Line:123 - HikariPool-1 - Start completed.
2020-10-19 23:46:42.839 INFO  org.quartz.impl.StdSchedulerFactory Line:1208 - Using default implementation for ThreadExecutor
2020-10-19 23:46:42.841 INFO  org.quartz.simpl.SimpleThreadPool Line:268 - Job execution threads will use class loader of thread: restartedMain
2020-10-19 23:46:42.848 INFO  org.quartz.core.SchedulerSignalerImpl Line:61  - Initialized Scheduler Signaller of type: class org.quartz.core.SchedulerSignalerImpl
2020-10-19 23:46:42.849 INFO  org.quartz.core.QuartzScheduler Line:229 - Quartz Scheduler v.2.3.0 created.
2020-10-19 23:46:42.849 INFO  org.quartz.simpl.RAMJobStore Line:155 - RAMJobStore initialized.
2020-10-19 23:46:42.850 INFO  org.quartz.core.QuartzScheduler Line:294 - Scheduler meta-data: Quartz Scheduler (v2.3.0) 'DefaultQuartzScheduler' with instanceId 'NON_CLUSTERED'
  Scheduler class: 'org.quartz.core.QuartzScheduler' - running locally.
  NOT STARTED.
  Currently in standby mode.
  Number of jobs executed: 0
  Using thread pool 'org.quartz.simpl.SimpleThreadPool' - with 10 threads.
  Using job-store 'org.quartz.simpl.RAMJobStore' - which does not support persistence. and is not clustered.

2020-10-19 23:46:42.850 INFO  org.quartz.impl.StdSchedulerFactory Line:1362 - Quartz scheduler 'DefaultQuartzScheduler' initialized from default resource file in Quartz package: 'quartz.properties'
2020-10-19 23:46:42.850 INFO  org.quartz.impl.StdSchedulerFactory Line:1366 - Quartz scheduler version: 2.3.0
2020-10-19 23:46:43.633 INFO  springfox.documentation.spring.web.PropertySourcedRequestMappingHandlerMapping Line:69  - Mapped URL path [/v2/api-docs] onto method [public org.springframework.http.ResponseEntity<springfox.documentation.spring.web.json.Json> springfox.documentation.swagger2.web.Swagger2Controller.getDocumentation(java.lang.String,javax.servlet.http.HttpServletRequest)]
2020-10-19 23:46:44.550 INFO  org.quartz.impl.StdSchedulerFactory Line:1208 - Using default implementation for ThreadExecutor
2020-10-19 23:46:44.552 INFO  org.quartz.core.SchedulerSignalerImpl Line:61  - Initialized Scheduler Signaller of type: class org.quartz.core.SchedulerSignalerImpl
2020-10-19 23:46:44.552 INFO  org.quartz.core.QuartzScheduler Line:229 - Quartz Scheduler v.2.3.0 created.
2020-10-19 23:46:44.552 INFO  org.quartz.simpl.RAMJobStore Line:155 - RAMJobStore initialized.
2020-10-19 23:46:44.552 INFO  org.quartz.core.QuartzScheduler Line:294 - Scheduler meta-data: Quartz Scheduler (v2.3.0) 'quartzScheduler' with instanceId 'NON_CLUSTERED'
  Scheduler class: 'org.quartz.core.QuartzScheduler' - running locally.
  NOT STARTED.
  Currently in standby mode.
  Number of jobs executed: 0
  Using thread pool 'org.quartz.simpl.SimpleThreadPool' - with 10 threads.
  Using job-store 'org.quartz.simpl.RAMJobStore' - which does not support persistence. and is not clustered.

2020-10-19 23:46:44.552 INFO  org.quartz.impl.StdSchedulerFactory Line:1362 - Quartz scheduler 'quartzScheduler' initialized from an externally provided properties instance.
2020-10-19 23:46:44.552 INFO  org.quartz.impl.StdSchedulerFactory Line:1366 - Quartz scheduler version: 2.3.0
2020-10-19 23:46:44.552 INFO  org.quartz.core.QuartzScheduler Line:2287 - JobFactory set to: org.springframework.scheduling.quartz.SpringBeanJobFactory@5b95e65b
2020-10-19 23:46:44.772 INFO  springfox.documentation.spring.web.plugins.DocumentationPluginsBootstrapper Line:151 - Context refreshed
2020-10-19 23:46:44.791 INFO  springfox.documentation.spring.web.plugins.DocumentationPluginsBootstrapper Line:154 - Found 2 custom documentation plugin(s)
2020-10-19 23:46:44.818 INFO  springfox.documentation.spring.web.scanners.ApiListingReferenceScanner Line:41  - Scanning for api listing references
2020-10-19 23:46:44.918 INFO  springfox.documentation.spring.web.scanners.ApiListingReferenceScanner Line:41  - Scanning for api listing references
2020-10-19 23:46:45.082 INFO  org.quartz.core.QuartzScheduler Line:547 - Scheduler quartzScheduler_$_NON_CLUSTERED started.
2020-10-19 23:46:45.123 INFO  org.quartz.core.QuartzScheduler Line:547 - Scheduler DefaultQuartzScheduler_$_NON_CLUSTERED started.
2020-10-19 23:46:45.124 INFO  org.apache.coyote.http11.Http11NioProtocol Line:173 - Starting ProtocolHandler ["http-nio-18980"]
2020-10-19 23:46:45.147 INFO  com.yushang.wallpaper.WallpaperApplication Line:59  - Started WallpaperApplication in 8.11 seconds (JVM running for 9.512)
2020-10-19 23:46:45.151 INFO  com.yushang.wallpaper.WallpaperApplication Line:19  - ==========================================
2020-10-19 23:46:45.151 INFO  com.yushang.wallpaper.WallpaperApplication Line:20  - ============= 项目启动成功 ===============
2020-10-19 23:46:45.151 INFO  com.yushang.wallpaper.WallpaperApplication Line:21  - ==========================================
2020-10-19 23:46:47.923 INFO  org.apache.catalina.core.ContainerBase.[Tomcat].[localhost].[/wallpaper] Line:173 - Initializing Spring DispatcherServlet 'dispatcherServlet'
2020-10-19 23:46:48.061 INFO  io.lettuce.core.EpollProvider Line:68  - Starting without optional epoll library
2020-10-19 23:46:48.063 INFO  io.lettuce.core.KqueueProvider Line:70  - Starting without optional kqueue library
2020-10-19 23:46:49.587 INFO  org.apache.shiro.realm.AuthorizingRealm Line:248 - No cache or cacheManager properties have been set.  Authorization cache cannot be obtained.
2020-10-19 23:46:49.599 INFO  org.apache.shiro.realm.AuthorizingRealm Line:248 - No cache or cacheManager properties have been set.  Authorization cache cannot be obtained.
2020-10-19 23:46:49.605 INFO  org.apache.shiro.realm.AuthorizingRealm Line:248 - No cache or cacheManager properties have been set.  Authorization cache cannot be obtained.
2020-10-19 23:46:49.613 INFO  org.apache.shiro.realm.AuthorizingRealm Line:248 - No cache or cacheManager properties have been set.  Authorization cache cannot be obtained.
2020-10-19 23:46:49.619 INFO  org.apache.shiro.realm.AuthorizingRealm Line:248 - No cache or cacheManager properties have been set.  Authorization cache cannot be obtained.
2020-10-19 23:46:49.631 INFO  org.apache.shiro.realm.AuthorizingRealm Line:248 - No cache or cacheManager properties have been set.  Authorization cache cannot be obtained.
2020-10-19 23:46:49.638 INFO  org.apache.shiro.realm.AuthorizingRealm Line:248 - No cache or cacheManager properties have been set.  Authorization cache cannot be obtained.
2020-10-19 23:46:49.648 INFO  org.apache.shiro.realm.AuthorizingRealm Line:248 - No cache or cacheManager properties have been set.  Authorization cache cannot be obtained.
2020-10-19 23:46:52.935 INFO  org.apache.shiro.realm.AuthorizingRealm Line:248 - No cache or cacheManager properties have been set.  Authorization cache cannot be obtained.
2020-10-19 23:46:52.941 INFO  org.apache.shiro.realm.AuthorizingRealm Line:248 - No cache or cacheManager properties have been set.  Authorization cache cannot be obtained.
2020-10-19 23:46:53.067 INFO  org.apache.shiro.realm.AuthorizingRealm Line:248 - No cache or cacheManager properties have been set.  Authorization cache cannot be obtained.
2020-10-19 23:46:53.073 INFO  org.apache.shiro.realm.AuthorizingRealm Line:248 - No cache or cacheManager properties have been set.  Authorization cache cannot be obtained.
2020-10-19 23:46:53.079 INFO  org.apache.shiro.realm.AuthorizingRealm Line:248 - No cache or cacheManager properties have been set.  Authorization cache cannot be obtained.
2020-10-19 23:46:53.086 INFO  org.apache.shiro.realm.AuthorizingRealm Line:248 - No cache or cacheManager properties have been set.  Authorization cache cannot be obtained.
2020-10-19 23:46:53.091 INFO  org.apache.shiro.realm.AuthorizingRealm Line:248 - No cache or cacheManager properties have been set.  Authorization cache cannot be obtained.
2020-10-19 23:46:53.095 INFO  org.apache.shiro.realm.AuthorizingRealm Line:248 - No cache or cacheManager properties have been set.  Authorization cache cannot be obtained.
2020-10-19 23:46:53.166 INFO  com.yushang.wallpaper.common.config.aop.log.LogAspect Line:61  - REQUEST|PRODUCT_LABEL_LIST|Ra3nRn1BfeLEYwXF|{"size":50,"page":1}
2020-10-19 23:46:53.236 INFO  com.yushang.wallpaper.common.config.aop.log.LogAspect Line:121 - RESPONSE|PRODUCT_LABEL_LIST|Ra3nRn1BfeLEYwXF|{"message":"SUCCESS","rows":[{"createTime":1603121878000,"deleteFlag":0,"productLabelId":1,"productLabelName":"壁纸"}],"status":200,"total":1}
2020-10-19 23:49:01.689 INFO  org.apache.shiro.realm.AuthorizingRealm Line:248 - No cache or cacheManager properties have been set.  Authorization cache cannot be obtained.
2020-10-19 23:49:01.693 INFO  org.apache.shiro.realm.AuthorizingRealm Line:248 - No cache or cacheManager properties have been set.  Authorization cache cannot be obtained.
2020-10-19 23:49:01.698 INFO  org.apache.shiro.realm.AuthorizingRealm Line:248 - No cache or cacheManager properties have been set.  Authorization cache cannot be obtained.
2020-10-19 23:49:01.702 INFO  org.apache.shiro.realm.AuthorizingRealm Line:248 - No cache or cacheManager properties have been set.  Authorization cache cannot be obtained.
2020-10-19 23:49:01.715 INFO  org.apache.shiro.realm.AuthorizingRealm Line:248 - No cache or cacheManager properties have been set.  Authorization cache cannot be obtained.
2020-10-19 23:49:01.720 INFO  org.apache.shiro.realm.AuthorizingRealm Line:248 - No cache or cacheManager properties have been set.  Authorization cache cannot be obtained.
2020-10-19 23:49:01.725 INFO  org.apache.shiro.realm.AuthorizingRealm Line:248 - No cache or cacheManager properties have been set.  Authorization cache cannot be obtained.
2020-10-19 23:49:01.730 INFO  org.apache.shiro.realm.AuthorizingRealm Line:248 - No cache or cacheManager properties have been set.  Authorization cache cannot be obtained.
2020-10-19 23:49:04.494 INFO  org.apache.shiro.realm.AuthorizingRealm Line:248 - No cache or cacheManager properties have been set.  Authorization cache cannot be obtained.
2020-10-19 23:49:04.500 INFO  org.apache.shiro.realm.AuthorizingRealm Line:248 - No cache or cacheManager properties have been set.  Authorization cache cannot be obtained.
2020-10-19 23:49:04.602 INFO  org.apache.shiro.realm.AuthorizingRealm Line:248 - No cache or cacheManager properties have been set.  Authorization cache cannot be obtained.
2020-10-19 23:49:04.607 INFO  org.apache.shiro.realm.AuthorizingRealm Line:248 - No cache or cacheManager properties have been set.  Authorization cache cannot be obtained.
2020-10-19 23:49:04.610 INFO  org.apache.shiro.realm.AuthorizingRealm Line:248 - No cache or cacheManager properties have been set.  Authorization cache cannot be obtained.
2020-10-19 23:49:04.615 INFO  org.apache.shiro.realm.AuthorizingRealm Line:248 - No cache or cacheManager properties have been set.  Authorization cache cannot be obtained.
2020-10-19 23:49:04.620 INFO  org.apache.shiro.realm.AuthorizingRealm Line:248 - No cache or cacheManager properties have been set.  Authorization cache cannot be obtained.
2020-10-19 23:49:04.624 INFO  org.apache.shiro.realm.AuthorizingRealm Line:248 - No cache or cacheManager properties have been set.  Authorization cache cannot be obtained.
2020-10-19 23:49:04.627 INFO  com.yushang.wallpaper.common.config.aop.log.LogAspect Line:61  - REQUEST|PRODUCT_LABEL_LIST|Gl1bObr5Sm7i92H8|{"size":50,"page":1}
2020-10-19 23:49:04.632 INFO  com.yushang.wallpaper.common.config.aop.log.LogAspect Line:121 - RESPONSE|PRODUCT_LABEL_LIST|Gl1bObr5Sm7i92H8|{"message":"SUCCESS","rows":[{"createTime":1603121878000,"deleteFlag":0,"productLabelId":1,"productLabelName":"壁纸"}],"status":200,"total":1}
2020-10-19 23:49:32.526 INFO  org.apache.shiro.realm.AuthorizingRealm Line:248 - No cache or cacheManager properties have been set.  Authorization cache cannot be obtained.
2020-10-19 23:49:32.530 INFO  org.apache.shiro.realm.AuthorizingRealm Line:248 - No cache or cacheManager properties have been set.  Authorization cache cannot be obtained.
2020-10-19 23:49:32.535 INFO  org.apache.shiro.realm.AuthorizingRealm Line:248 - No cache or cacheManager properties have been set.  Authorization cache cannot be obtained.
2020-10-19 23:49:32.541 INFO  org.apache.shiro.realm.AuthorizingRealm Line:248 - No cache or cacheManager properties have been set.  Authorization cache cannot be obtained.
2020-10-19 23:49:32.547 INFO  com.yushang.wallpaper.common.config.aop.log.LogAspect Line:61  - REQUEST|DEL_PRODUCT_LABEL|YPZ419UBgyM4ccPm|{"productLabelIds":"1"}
2020-10-19 23:49:32.558 INFO  com.yushang.wallpaper.common.config.aop.log.LogAspect Line:121 - RESPONSE|DEL_PRODUCT_LABEL|YPZ419UBgyM4ccPm|{"message":"SUCCESS","status":200,"total":1}
2020-10-19 23:49:33.388 INFO  org.apache.shiro.realm.AuthorizingRealm Line:248 - No cache or cacheManager properties have been set.  Authorization cache cannot be obtained.
2020-10-19 23:49:33.391 INFO  org.apache.shiro.realm.AuthorizingRealm Line:248 - No cache or cacheManager properties have been set.  Authorization cache cannot be obtained.
2020-10-19 23:49:33.394 INFO  org.apache.shiro.realm.AuthorizingRealm Line:248 - No cache or cacheManager properties have been set.  Authorization cache cannot be obtained.
2020-10-19 23:49:33.398 INFO  org.apache.shiro.realm.AuthorizingRealm Line:248 - No cache or cacheManager properties have been set.  Authorization cache cannot be obtained.
2020-10-19 23:49:33.402 INFO  org.apache.shiro.realm.AuthorizingRealm Line:248 - No cache or cacheManager properties have been set.  Authorization cache cannot be obtained.
2020-10-19 23:49:33.406 INFO  org.apache.shiro.realm.AuthorizingRealm Line:248 - No cache or cacheManager properties have been set.  Authorization cache cannot be obtained.
2020-10-19 23:49:33.410 INFO  com.yushang.wallpaper.common.config.aop.log.LogAspect Line:61  - REQUEST|PRODUCT_LABEL_LIST|4FIECYEwnwSDWg87|{"size":50,"page":1}
2020-10-19 23:49:33.412 INFO  com.yushang.wallpaper.common.config.aop.log.LogAspect Line:121 - RESPONSE|PRODUCT_LABEL_LIST|4FIECYEwnwSDWg87|{"message":"SUCCESS","rows":[{"createTime":1603122572000,"deleteFlag":1,"productLabelId":1,"productLabelName":"壁纸"}],"status":200,"total":1}
2020-10-19 23:51:02.420 INFO  org.apache.shiro.realm.AuthorizingRealm Line:248 - No cache or cacheManager properties have been set.  Authorization cache cannot be obtained.
2020-10-19 23:51:02.423 INFO  org.apache.shiro.realm.AuthorizingRealm Line:248 - No cache or cacheManager properties have been set.  Authorization cache cannot be obtained.
2020-10-19 23:51:02.427 INFO  org.apache.shiro.realm.AuthorizingRealm Line:248 - No cache or cacheManager properties have been set.  Authorization cache cannot be obtained.
2020-10-19 23:51:02.431 INFO  org.apache.shiro.realm.AuthorizingRealm Line:248 - No cache or cacheManager properties have been set.  Authorization cache cannot be obtained.
2020-10-19 23:51:02.434 INFO  com.yushang.wallpaper.common.config.aop.log.LogAspect Line:61  - REQUEST|DEL_PRODUCT_LABEL|uyY3zHUKklP0EYgQ|{"productLabelIds":"1"}
2020-10-19 23:51:02.435 INFO  com.yushang.wallpaper.common.config.aop.log.LogAspect Line:121 - RESPONSE|DEL_PRODUCT_LABEL|uyY3zHUKklP0EYgQ|{"message":"SUCCESS","status":200,"total":1}
2020-10-19 23:51:04.113 INFO  org.apache.shiro.realm.AuthorizingRealm Line:248 - No cache or cacheManager properties have been set.  Authorization cache cannot be obtained.
2020-10-19 23:51:04.117 INFO  org.apache.shiro.realm.AuthorizingRealm Line:248 - No cache or cacheManager properties have been set.  Authorization cache cannot be obtained.
2020-10-19 23:51:04.122 INFO  org.apache.shiro.realm.AuthorizingRealm Line:248 - No cache or cacheManager properties have been set.  Authorization cache cannot be obtained.
2020-10-19 23:51:04.125 INFO  org.apache.shiro.realm.AuthorizingRealm Line:248 - No cache or cacheManager properties have been set.  Authorization cache cannot be obtained.
2020-10-19 23:51:04.130 INFO  org.apache.shiro.realm.AuthorizingRealm Line:248 - No cache or cacheManager properties have been set.  Authorization cache cannot be obtained.
2020-10-19 23:51:04.133 INFO  org.apache.shiro.realm.AuthorizingRealm Line:248 - No cache or cacheManager properties have been set.  Authorization cache cannot be obtained.
2020-10-19 23:51:04.137 INFO  com.yushang.wallpaper.common.config.aop.log.LogAspect Line:61  - REQUEST|PRODUCT_LABEL_LIST|pF3j0iVZqFTY31tU|{"size":50,"page":1}
2020-10-19 23:51:04.152 INFO  com.yushang.wallpaper.common.config.aop.log.LogAspect Line:121 - RESPONSE|PRODUCT_LABEL_LIST|pF3j0iVZqFTY31tU|{"message":"SUCCESS","rows":[{"createTime":1603122572000,"deleteFlag":1,"productLabelId":1,"productLabelName":"壁纸"}],"status":200,"total":1}
2020-10-19 23:51:12.416 INFO  org.apache.shiro.realm.AuthorizingRealm Line:248 - No cache or cacheManager properties have been set.  Authorization cache cannot be obtained.
2020-10-19 23:51:12.420 INFO  org.apache.shiro.realm.AuthorizingRealm Line:248 - No cache or cacheManager properties have been set.  Authorization cache cannot be obtained.
2020-10-19 23:51:12.425 INFO  org.apache.shiro.realm.AuthorizingRealm Line:248 - No cache or cacheManager properties have been set.  Authorization cache cannot be obtained.
2020-10-19 23:51:12.428 INFO  org.apache.shiro.realm.AuthorizingRealm Line:248 - No cache or cacheManager properties have been set.  Authorization cache cannot be obtained.
2020-10-19 23:51:12.431 INFO  com.yushang.wallpaper.common.config.aop.log.LogAspect Line:61  - REQUEST|DEL_PRODUCT_LABEL|Qd6406mqds9V0fVR|{"productLabelIds":"1"}
2020-10-19 23:51:25.508 INFO  org.apache.shiro.realm.AuthorizingRealm Line:248 - No cache or cacheManager properties have been set.  Authorization cache cannot be obtained.
2020-10-19 23:51:25.508 INFO  org.apache.shiro.realm.AuthorizingRealm Line:248 - No cache or cacheManager properties have been set.  Authorization cache cannot be obtained.
2020-10-19 23:51:25.508 INFO  com.yushang.wallpaper.common.config.aop.log.LogAspect Line:121 - RESPONSE|DEL_PRODUCT_LABEL|Qd6406mqds9V0fVR|{"message":"SUCCESS","status":200,"total":1}
2020-10-19 23:51:25.517 INFO  org.apache.shiro.realm.AuthorizingRealm Line:248 - No cache or cacheManager properties have been set.  Authorization cache cannot be obtained.
2020-10-19 23:51:25.518 INFO  org.apache.shiro.realm.AuthorizingRealm Line:248 - No cache or cacheManager properties have been set.  Authorization cache cannot be obtained.
2020-10-19 23:51:25.524 INFO  org.apache.shiro.realm.AuthorizingRealm Line:248 - No cache or cacheManager properties have been set.  Authorization cache cannot be obtained.
2020-10-19 23:51:25.524 INFO  org.apache.shiro.realm.AuthorizingRealm Line:248 - No cache or cacheManager properties have been set.  Authorization cache cannot be obtained.
2020-10-19 23:51:25.527 INFO  org.apache.shiro.realm.AuthorizingRealm Line:248 - No cache or cacheManager properties have been set.  Authorization cache cannot be obtained.
2020-10-19 23:51:25.528 INFO  org.apache.shiro.realm.AuthorizingRealm Line:248 - No cache or cacheManager properties have been set.  Authorization cache cannot be obtained.
2020-10-19 23:51:25.528 INFO  org.apache.shiro.realm.AuthorizingRealm Line:248 - No cache or cacheManager properties have been set.  Authorization cache cannot be obtained.
2020-10-19 23:51:25.531 INFO  com.yushang.wallpaper.common.config.aop.log.LogAspect Line:61  - REQUEST|DEL_PRODUCT_LABEL|u5x3S7W3liNPpzaq|{"productLabelIds":"1"}
2020-10-19 23:51:25.531 INFO  com.yushang.wallpaper.common.config.aop.log.LogAspect Line:61  - REQUEST|DEL_PRODUCT_LABEL|1tW30cz3WnJomdzx|{"productLabelIds":"1"}
2020-10-19 23:51:25.532 INFO  org.apache.shiro.realm.AuthorizingRealm Line:248 - No cache or cacheManager properties have been set.  Authorization cache cannot be obtained.
2020-10-19 23:51:26.305 INFO  com.yushang.wallpaper.common.config.aop.log.LogAspect Line:121 - RESPONSE|DEL_PRODUCT_LABEL|1tW30cz3WnJomdzx|{"message":"SUCCESS","status":200,"total":1}
2020-10-19 23:51:26.305 INFO  com.yushang.wallpaper.common.config.aop.log.LogAspect Line:121 - RESPONSE|DEL_PRODUCT_LABEL|u5x3S7W3liNPpzaq|{"message":"SUCCESS","status":200,"total":1}
2020-10-19 23:51:26.307 INFO  org.apache.shiro.realm.AuthorizingRealm Line:248 - No cache or cacheManager properties have been set.  Authorization cache cannot be obtained.
2020-10-19 23:51:26.312 INFO  org.apache.shiro.realm.AuthorizingRealm Line:248 - No cache or cacheManager properties have been set.  Authorization cache cannot be obtained.
2020-10-19 23:51:26.316 INFO  org.apache.shiro.realm.AuthorizingRealm Line:248 - No cache or cacheManager properties have been set.  Authorization cache cannot be obtained.
2020-10-19 23:51:26.322 INFO  org.apache.shiro.realm.AuthorizingRealm Line:248 - No cache or cacheManager properties have been set.  Authorization cache cannot be obtained.
2020-10-19 23:51:26.328 INFO  org.apache.shiro.realm.AuthorizingRealm Line:248 - No cache or cacheManager properties have been set.  Authorization cache cannot be obtained.
2020-10-19 23:51:26.332 INFO  org.apache.shiro.realm.AuthorizingRealm Line:248 - No cache or cacheManager properties have been set.  Authorization cache cannot be obtained.
2020-10-19 23:51:28.724 INFO  org.apache.shiro.realm.AuthorizingRealm Line:248 - No cache or cacheManager properties have been set.  Authorization cache cannot be obtained.
2020-10-19 23:51:28.728 INFO  org.apache.shiro.realm.AuthorizingRealm Line:248 - No cache or cacheManager properties have been set.  Authorization cache cannot be obtained.
2020-10-19 23:51:28.731 INFO  org.apache.shiro.realm.AuthorizingRealm Line:248 - No cache or cacheManager properties have been set.  Authorization cache cannot be obtained.
2020-10-19 23:51:28.735 INFO  org.apache.shiro.realm.AuthorizingRealm Line:248 - No cache or cacheManager properties have been set.  Authorization cache cannot be obtained.
2020-10-19 23:51:28.738 INFO  org.apache.shiro.realm.AuthorizingRealm Line:248 - No cache or cacheManager properties have been set.  Authorization cache cannot be obtained.
2020-10-19 23:51:28.742 INFO  org.apache.shiro.realm.AuthorizingRealm Line:248 - No cache or cacheManager properties have been set.  Authorization cache cannot be obtained.
2020-10-19 23:51:28.744 INFO  com.yushang.wallpaper.common.config.aop.log.LogAspect Line:61  - REQUEST|PRODUCT_LABEL_LIST|k8r0IHghNVvKoLBk|{"size":50,"page":1}
2020-10-19 23:51:28.749 INFO  com.yushang.wallpaper.common.config.aop.log.LogAspect Line:121 - RESPONSE|PRODUCT_LABEL_LIST|k8r0IHghNVvKoLBk|{"message":"SUCCESS","rows":[{"createTime":1603122572000,"deleteFlag":1,"productLabelId":1,"productLabelName":"壁纸"}],"status":200,"total":1}
2020-10-19 23:51:29.590 INFO  org.apache.shiro.realm.AuthorizingRealm Line:248 - No cache or cacheManager properties have been set.  Authorization cache cannot be obtained.
2020-10-19 23:51:29.594 INFO  org.apache.shiro.realm.AuthorizingRealm Line:248 - No cache or cacheManager properties have been set.  Authorization cache cannot be obtained.
2020-10-19 23:51:29.597 INFO  org.apache.shiro.realm.AuthorizingRealm Line:248 - No cache or cacheManager properties have been set.  Authorization cache cannot be obtained.
2020-10-19 23:51:29.601 INFO  org.apache.shiro.realm.AuthorizingRealm Line:248 - No cache or cacheManager properties have been set.  Authorization cache cannot be obtained.
2020-10-19 23:51:29.605 INFO  org.apache.shiro.realm.AuthorizingRealm Line:248 - No cache or cacheManager properties have been set.  Authorization cache cannot be obtained.
2020-10-19 23:51:29.608 INFO  org.apache.shiro.realm.AuthorizingRealm Line:248 - No cache or cacheManager properties have been set.  Authorization cache cannot be obtained.
2020-10-19 23:51:29.610 INFO  com.yushang.wallpaper.common.config.aop.log.LogAspect Line:61  - REQUEST|PRODUCT_LABEL_LIST|KlwvZVUwyMp9DXcR|{"size":50,"page":1}
2020-10-19 23:51:29.614 INFO  com.yushang.wallpaper.common.config.aop.log.LogAspect Line:121 - RESPONSE|PRODUCT_LABEL_LIST|KlwvZVUwyMp9DXcR|{"message":"SUCCESS","rows":[{"createTime":1603122572000,"deleteFlag":1,"productLabelId":1,"productLabelName":"壁纸"}],"status":200,"total":1}
2020-10-19 23:51:30.103 INFO  org.apache.shiro.realm.AuthorizingRealm Line:248 - No cache or cacheManager properties have been set.  Authorization cache cannot be obtained.
2020-10-19 23:51:30.107 INFO  org.apache.shiro.realm.AuthorizingRealm Line:248 - No cache or cacheManager properties have been set.  Authorization cache cannot be obtained.
2020-10-19 23:51:30.112 INFO  org.apache.shiro.realm.AuthorizingRealm Line:248 - No cache or cacheManager properties have been set.  Authorization cache cannot be obtained.
2020-10-19 23:51:30.118 INFO  org.apache.shiro.realm.AuthorizingRealm Line:248 - No cache or cacheManager properties have been set.  Authorization cache cannot be obtained.
2020-10-19 23:51:30.122 INFO  org.apache.shiro.realm.AuthorizingRealm Line:248 - No cache or cacheManager properties have been set.  Authorization cache cannot be obtained.
2020-10-19 23:51:30.126 INFO  org.apache.shiro.realm.AuthorizingRealm Line:248 - No cache or cacheManager properties have been set.  Authorization cache cannot be obtained.
2020-10-19 23:51:30.129 INFO  com.yushang.wallpaper.common.config.aop.log.LogAspect Line:61  - REQUEST|PRODUCT_LABEL_LIST|NZ5xeFC9Qb1wYZom|{"size":50,"page":1}
2020-10-19 23:51:30.134 INFO  com.yushang.wallpaper.common.config.aop.log.LogAspect Line:121 - RESPONSE|PRODUCT_LABEL_LIST|NZ5xeFC9Qb1wYZom|{"message":"SUCCESS","rows":[{"createTime":1603122572000,"deleteFlag":1,"productLabelId":1,"productLabelName":"壁纸"}],"status":200,"total":1}
2020-10-19 23:51:35.160 INFO  org.apache.shiro.realm.AuthorizingRealm Line:248 - No cache or cacheManager properties have been set.  Authorization cache cannot be obtained.
2020-10-19 23:51:35.164 INFO  org.apache.shiro.realm.AuthorizingRealm Line:248 - No cache or cacheManager properties have been set.  Authorization cache cannot be obtained.
2020-10-19 23:51:35.238 INFO  org.apache.shiro.realm.AuthorizingRealm Line:248 - No cache or cacheManager properties have been set.  Authorization cache cannot be obtained.
2020-10-19 23:51:35.241 INFO  org.apache.shiro.realm.AuthorizingRealm Line:248 - No cache or cacheManager properties have been set.  Authorization cache cannot be obtained.
2020-10-19 23:51:35.244 INFO  org.apache.shiro.realm.AuthorizingRealm Line:248 - No cache or cacheManager properties have been set.  Authorization cache cannot be obtained.
2020-10-19 23:51:35.249 INFO  org.apache.shiro.realm.AuthorizingRealm Line:248 - No cache or cacheManager properties have been set.  Authorization cache cannot be obtained.
2020-10-19 23:51:35.253 INFO  org.apache.shiro.realm.AuthorizingRealm Line:248 - No cache or cacheManager properties have been set.  Authorization cache cannot be obtained.
2020-10-19 23:51:35.258 INFO  org.apache.shiro.realm.AuthorizingRealm Line:248 - No cache or cacheManager properties have been set.  Authorization cache cannot be obtained.
2020-10-19 23:51:35.261 INFO  com.yushang.wallpaper.common.config.aop.log.LogAspect Line:61  - REQUEST|PRODUCT_LABEL_LIST|fuMgUKagsV40d3Wo|{"size":50,"page":1}
2020-10-19 23:51:35.265 INFO  com.yushang.wallpaper.common.config.aop.log.LogAspect Line:121 - RESPONSE|PRODUCT_LABEL_LIST|fuMgUKagsV40d3Wo|{"message":"SUCCESS","rows":[{"createTime":1603122572000,"deleteFlag":1,"productLabelId":1,"productLabelName":"壁纸"}],"status":200,"total":1}
2020-10-19 23:51:37.982 INFO  org.apache.shiro.realm.AuthorizingRealm Line:248 - No cache or cacheManager properties have been set.  Authorization cache cannot be obtained.
2020-10-19 23:51:37.986 INFO  org.apache.shiro.realm.AuthorizingRealm Line:248 - No cache or cacheManager properties have been set.  Authorization cache cannot be obtained.
2020-10-19 23:51:37.989 INFO  org.apache.shiro.realm.AuthorizingRealm Line:248 - No cache or cacheManager properties have been set.  Authorization cache cannot be obtained.
2020-10-19 23:51:37.992 INFO  org.apache.shiro.realm.AuthorizingRealm Line:248 - No cache or cacheManager properties have been set.  Authorization cache cannot be obtained.
2020-10-19 23:51:37.995 INFO  com.yushang.wallpaper.common.config.aop.log.LogAspect Line:61  - REQUEST|DEL_PRODUCT_LABEL|LcTDyLT3ZnaED6EW|{"productLabelIds":"1"}
2020-10-19 23:51:52.284 INFO  com.yushang.wallpaper.common.config.aop.log.LogAspect Line:121 - RESPONSE|DEL_PRODUCT_LABEL|LcTDyLT3ZnaED6EW|{"message":"SUCCESS","status":200,"total":1}
2020-10-19 23:51:54.362 INFO  org.apache.shiro.realm.AuthorizingRealm Line:248 - No cache or cacheManager properties have been set.  Authorization cache cannot be obtained.
2020-10-19 23:51:54.366 INFO  org.apache.shiro.realm.AuthorizingRealm Line:248 - No cache or cacheManager properties have been set.  Authorization cache cannot be obtained.
2020-10-19 23:51:54.369 INFO  org.apache.shiro.realm.AuthorizingRealm Line:248 - No cache or cacheManager properties have been set.  Authorization cache cannot be obtained.
2020-10-19 23:51:54.373 INFO  org.apache.shiro.realm.AuthorizingRealm Line:248 - No cache or cacheManager properties have been set.  Authorization cache cannot be obtained.
2020-10-19 23:51:54.376 INFO  org.apache.shiro.realm.AuthorizingRealm Line:248 - No cache or cacheManager properties have been set.  Authorization cache cannot be obtained.
2020-10-19 23:51:54.379 INFO  org.apache.shiro.realm.AuthorizingRealm Line:248 - No cache or cacheManager properties have been set.  Authorization cache cannot be obtained.
2020-10-19 23:51:54.381 INFO  com.yushang.wallpaper.common.config.aop.log.LogAspect Line:61  - REQUEST|PRODUCT_LABEL_LIST|mz5Mblv5oFU7aAgx|{"size":50,"page":1}
2020-10-19 23:51:54.385 INFO  com.yushang.wallpaper.common.config.aop.log.LogAspect Line:121 - RESPONSE|PRODUCT_LABEL_LIST|mz5Mblv5oFU7aAgx|{"message":"SUCCESS","rows":[{"createTime":1603122572000,"deleteFlag":1,"productLabelId":1,"productLabelName":"壁纸"}],"status":200,"total":1}
2020-10-19 23:53:05.557 INFO  org.apache.shiro.realm.AuthorizingRealm Line:248 - No cache or cacheManager properties have been set.  Authorization cache cannot be obtained.
2020-10-19 23:53:05.560 INFO  org.apache.shiro.realm.AuthorizingRealm Line:248 - No cache or cacheManager properties have been set.  Authorization cache cannot be obtained.
2020-10-19 23:53:05.563 INFO  org.apache.shiro.realm.AuthorizingRealm Line:248 - No cache or cacheManager properties have been set.  Authorization cache cannot be obtained.
2020-10-19 23:53:05.566 INFO  org.apache.shiro.realm.AuthorizingRealm Line:248 - No cache or cacheManager properties have been set.  Authorization cache cannot be obtained.
2020-10-19 23:53:05.569 INFO  org.apache.shiro.realm.AuthorizingRealm Line:248 - No cache or cacheManager properties have been set.  Authorization cache cannot be obtained.
2020-10-19 23:53:05.573 INFO  org.apache.shiro.realm.AuthorizingRealm Line:248 - No cache or cacheManager properties have been set.  Authorization cache cannot be obtained.
2020-10-19 23:53:05.576 INFO  com.yushang.wallpaper.common.config.aop.log.LogAspect Line:61  - REQUEST|PRODUCT_LABEL_LIST|DTLXSOFIkfvd9NoN|{"size":50,"page":1}
2020-10-19 23:53:12.293 INFO  com.yushang.wallpaper.common.config.aop.log.LogAspect Line:121 - RESPONSE|PRODUCT_LABEL_LIST|DTLXSOFIkfvd9NoN|{"message":"SUCCESS","rows":[{"createTime":1603122572000,"deleteFlag":1,"productLabelId":1,"productLabelName":"壁纸"}],"status":200,"total":1}
2020-10-19 23:53:42.301 INFO  org.quartz.core.QuartzScheduler Line:585 - Scheduler quartzScheduler_$_NON_CLUSTERED paused.
2020-10-19 23:53:42.308 INFO  org.quartz.core.QuartzScheduler Line:666 - Scheduler quartzScheduler_$_NON_CLUSTERED shutting down.
2020-10-19 23:53:42.309 INFO  org.quartz.core.QuartzScheduler Line:585 - Scheduler quartzScheduler_$_NON_CLUSTERED paused.
2020-10-19 23:53:42.310 INFO  org.quartz.core.QuartzScheduler Line:740 - Scheduler quartzScheduler_$_NON_CLUSTERED shutdown complete.
2020-10-19 23:53:42.318 INFO  org.quartz.core.QuartzScheduler Line:666 - Scheduler DefaultQuartzScheduler_$_NON_CLUSTERED shutting down.
2020-10-19 23:53:42.318 INFO  org.quartz.core.QuartzScheduler Line:585 - Scheduler DefaultQuartzScheduler_$_NON_CLUSTERED paused.
2020-10-19 23:53:42.319 INFO  org.quartz.core.QuartzScheduler Line:740 - Scheduler DefaultQuartzScheduler_$_NON_CLUSTERED shutdown complete.
2020-10-19 23:53:43.441 INFO  com.zaxxer.hikari.HikariDataSource Line:350 - HikariPool-1 - Shutdown initiated...
2020-10-19 23:53:43.445 INFO  com.zaxxer.hikari.HikariDataSource Line:352 - HikariPool-1 - Shutdown completed.
2020-10-19 23:53:48.729 INFO  com.yushang.wallpaper.WallpaperApplication Line:50  - Starting WallpaperApplication on LAPTOP-80KEPNBB with PID 8960 (D:\Java\JavaProjects\wallpaper\wallpaper\target\classes started by lenovo in D:\Java\JavaProjects\wallpaper\wallpaper)
2020-10-19 23:53:48.732 INFO  com.yushang.wallpaper.WallpaperApplication Line:679 - The following profiles are active: dev
2020-10-19 23:53:52.263 INFO  org.apache.coyote.http11.Http11NioProtocol Line:173 - Initializing ProtocolHandler ["http-nio-18980"]
2020-10-19 23:53:52.270 INFO  org.apache.catalina.core.StandardService Line:173 - Starting service [Tomcat]
2020-10-19 23:53:52.270 INFO  org.apache.catalina.core.StandardEngine Line:173 - Starting Servlet engine: [Apache Tomcat/9.0.14]
2020-10-19 23:53:52.277 INFO  org.apache.catalina.core.AprLifecycleListener Line:173 - The APR based Apache Tomcat Native library which allows optimal performance in production environments was not found on the java.library.path: [D:\Java\JavaTools\JDK\JDK8\bin;C:\WINDOWS\Sun\Java\bin;C:\WINDOWS\system32;C:\WINDOWS;D:\Java\JavaTools\xshell\;C:\Program Files (x86)\Common Files\Oracle\Java\javapath;C:\ProgramData\Oracle\Java\javapath;C:\Windows\system32;C:\Windows;C:\Windows\System32\Wbem;C:\Windows\System32\WindowsPowerShell\v1.0\;C:\Windows\System32\OpenSSH\;C:\Program Files (x86)\NVIDIA Corporation\PhysX\Common;C:\WINDOWS\system32;C:\WINDOWS;C:\WINDOWS\System32\Wbem;C:\WINDOWS\System32\WindowsPowerShell\v1.0\;C:\WINDOWS\System32\OpenSSH\;D:\Java\JavaTools\JDK\JDK8\bin;C:\Program Files\NVIDIA Corporation\NVIDIA NvDLISR;D:\Java\JavaTools\Navicat Premium\mysql-5.6.46-winx64\bin;D:\Java\JavaTools\RabbitMQ\erlang\erl10.7\bin;C:\WINDOWS\system32;C:\WINDOWS;C:\WINDOWS\System32\Wbem;C:\WINDOWS\System32\WindowsPowerShell\v1.0\;C:\WINDOWS\System32\OpenSSH\;D:\Java\JavaTools\Git\Git\cmd;D:\Java\JavaTools\Maven\apache-maven-3.5.3\bin;E:\Java\RailsInstaller\RailsInstaller\Git\cmd;E:\Java\RailsInstaller\RailsInstaller\Ruby2.3.3\bin;C:\Users\lenovo\AppData\Local\Microsoft\WindowsApps;D:\Java\JavaTools\IDEA\IntelliJ IDEA 2018.3.1\bin;;;.]
2020-10-19 23:53:52.366 INFO  org.apache.catalina.core.ContainerBase.[Tomcat].[localhost].[/wallpaper] Line:173 - Initializing Spring embedded WebApplicationContext
2020-10-19 23:53:52.532 INFO  com.zaxxer.hikari.HikariDataSource Line:110 - HikariPool-1 - Starting...
2020-10-19 23:53:52.626 INFO  com.zaxxer.hikari.HikariDataSource Line:123 - HikariPool-1 - Start completed.
2020-10-19 23:53:54.246 INFO  org.quartz.impl.StdSchedulerFactory Line:1208 - Using default implementation for ThreadExecutor
2020-10-19 23:53:54.248 INFO  org.quartz.simpl.SimpleThreadPool Line:268 - Job execution threads will use class loader of thread: restartedMain
2020-10-19 23:53:54.256 INFO  org.quartz.core.SchedulerSignalerImpl Line:61  - Initialized Scheduler Signaller of type: class org.quartz.core.SchedulerSignalerImpl
2020-10-19 23:53:54.256 INFO  org.quartz.core.QuartzScheduler Line:229 - Quartz Scheduler v.2.3.0 created.
2020-10-19 23:53:54.257 INFO  org.quartz.simpl.RAMJobStore Line:155 - RAMJobStore initialized.
2020-10-19 23:53:54.257 INFO  org.quartz.core.QuartzScheduler Line:294 - Scheduler meta-data: Quartz Scheduler (v2.3.0) 'DefaultQuartzScheduler' with instanceId 'NON_CLUSTERED'
  Scheduler class: 'org.quartz.core.QuartzScheduler' - running locally.
  NOT STARTED.
  Currently in standby mode.
  Number of jobs executed: 0
  Using thread pool 'org.quartz.simpl.SimpleThreadPool' - with 10 threads.
  Using job-store 'org.quartz.simpl.RAMJobStore' - which does not support persistence. and is not clustered.

2020-10-19 23:53:54.258 INFO  org.quartz.impl.StdSchedulerFactory Line:1362 - Quartz scheduler 'DefaultQuartzScheduler' initialized from default resource file in Quartz package: 'quartz.properties'
2020-10-19 23:53:54.258 INFO  org.quartz.impl.StdSchedulerFactory Line:1366 - Quartz scheduler version: 2.3.0
2020-10-19 23:53:55.031 INFO  springfox.documentation.spring.web.PropertySourcedRequestMappingHandlerMapping Line:69  - Mapped URL path [/v2/api-docs] onto method [public org.springframework.http.ResponseEntity<springfox.documentation.spring.web.json.Json> springfox.documentation.swagger2.web.Swagger2Controller.getDocumentation(java.lang.String,javax.servlet.http.HttpServletRequest)]
2020-10-19 23:53:55.951 INFO  org.quartz.impl.StdSchedulerFactory Line:1208 - Using default implementation for ThreadExecutor
2020-10-19 23:53:55.952 INFO  org.quartz.core.SchedulerSignalerImpl Line:61  - Initialized Scheduler Signaller of type: class org.quartz.core.SchedulerSignalerImpl
2020-10-19 23:53:55.952 INFO  org.quartz.core.QuartzScheduler Line:229 - Quartz Scheduler v.2.3.0 created.
2020-10-19 23:53:55.952 INFO  org.quartz.simpl.RAMJobStore Line:155 - RAMJobStore initialized.
2020-10-19 23:53:55.952 INFO  org.quartz.core.QuartzScheduler Line:294 - Scheduler meta-data: Quartz Scheduler (v2.3.0) 'quartzScheduler' with instanceId 'NON_CLUSTERED'
  Scheduler class: 'org.quartz.core.QuartzScheduler' - running locally.
  NOT STARTED.
  Currently in standby mode.
  Number of jobs executed: 0
  Using thread pool 'org.quartz.simpl.SimpleThreadPool' - with 10 threads.
  Using job-store 'org.quartz.simpl.RAMJobStore' - which does not support persistence. and is not clustered.

2020-10-19 23:53:55.952 INFO  org.quartz.impl.StdSchedulerFactory Line:1362 - Quartz scheduler 'quartzScheduler' initialized from an externally provided properties instance.
2020-10-19 23:53:55.953 INFO  org.quartz.impl.StdSchedulerFactory Line:1366 - Quartz scheduler version: 2.3.0
2020-10-19 23:53:55.953 INFO  org.quartz.core.QuartzScheduler Line:2287 - JobFactory set to: org.springframework.scheduling.quartz.SpringBeanJobFactory@183c1bf9
2020-10-19 23:53:56.164 INFO  springfox.documentation.spring.web.plugins.DocumentationPluginsBootstrapper Line:151 - Context refreshed
2020-10-19 23:53:56.180 INFO  springfox.documentation.spring.web.plugins.DocumentationPluginsBootstrapper Line:154 - Found 2 custom documentation plugin(s)
2020-10-19 23:53:56.207 INFO  springfox.documentation.spring.web.scanners.ApiListingReferenceScanner Line:41  - Scanning for api listing references
2020-10-19 23:53:56.307 INFO  springfox.documentation.spring.web.scanners.ApiListingReferenceScanner Line:41  - Scanning for api listing references
2020-10-19 23:53:56.464 INFO  org.quartz.core.QuartzScheduler Line:547 - Scheduler quartzScheduler_$_NON_CLUSTERED started.
2020-10-19 23:53:56.500 INFO  org.quartz.core.QuartzScheduler Line:547 - Scheduler DefaultQuartzScheduler_$_NON_CLUSTERED started.
2020-10-19 23:53:56.502 INFO  org.apache.coyote.http11.Http11NioProtocol Line:173 - Starting ProtocolHandler ["http-nio-18980"]
2020-10-19 23:53:56.525 INFO  com.yushang.wallpaper.WallpaperApplication Line:59  - Started WallpaperApplication in 8.294 seconds (JVM running for 9.646)
2020-10-19 23:53:56.529 INFO  com.yushang.wallpaper.WallpaperApplication Line:19  - ==========================================
2020-10-19 23:53:56.529 INFO  com.yushang.wallpaper.WallpaperApplication Line:20  - ============= 项目启动成功 ===============
2020-10-19 23:53:56.529 INFO  com.yushang.wallpaper.WallpaperApplication Line:21  - ==========================================
2020-10-19 23:54:57.587 INFO  org.apache.catalina.core.ContainerBase.[Tomcat].[localhost].[/wallpaper] Line:173 - Initializing Spring DispatcherServlet 'dispatcherServlet'
2020-10-19 23:54:57.689 INFO  io.lettuce.core.EpollProvider Line:68  - Starting without optional epoll library
2020-10-19 23:54:57.690 INFO  io.lettuce.core.KqueueProvider Line:70  - Starting without optional kqueue library
2020-10-19 23:54:59.182 INFO  org.apache.shiro.realm.AuthorizingRealm Line:248 - No cache or cacheManager properties have been set.  Authorization cache cannot be obtained.
2020-10-19 23:54:59.193 INFO  org.apache.shiro.realm.AuthorizingRealm Line:248 - No cache or cacheManager properties have been set.  Authorization cache cannot be obtained.
2020-10-19 23:54:59.198 INFO  org.apache.shiro.realm.AuthorizingRealm Line:248 - No cache or cacheManager properties have been set.  Authorization cache cannot be obtained.
2020-10-19 23:54:59.206 INFO  org.apache.shiro.realm.AuthorizingRealm Line:248 - No cache or cacheManager properties have been set.  Authorization cache cannot be obtained.
2020-10-19 23:54:59.214 INFO  org.apache.shiro.realm.AuthorizingRealm Line:248 - No cache or cacheManager properties have been set.  Authorization cache cannot be obtained.
2020-10-19 23:54:59.225 INFO  org.apache.shiro.realm.AuthorizingRealm Line:248 - No cache or cacheManager properties have been set.  Authorization cache cannot be obtained.
2020-10-19 23:54:59.232 INFO  org.apache.shiro.realm.AuthorizingRealm Line:248 - No cache or cacheManager properties have been set.  Authorization cache cannot be obtained.
2020-10-19 23:54:59.243 INFO  org.apache.shiro.realm.AuthorizingRealm Line:248 - No cache or cacheManager properties have been set.  Authorization cache cannot be obtained.
2020-10-19 23:55:02.591 INFO  org.apache.shiro.realm.AuthorizingRealm Line:248 - No cache or cacheManager properties have been set.  Authorization cache cannot be obtained.
2020-10-19 23:55:02.596 INFO  org.apache.shiro.realm.AuthorizingRealm Line:248 - No cache or cacheManager properties have been set.  Authorization cache cannot be obtained.
2020-10-19 23:55:02.713 INFO  org.apache.shiro.realm.AuthorizingRealm Line:248 - No cache or cacheManager properties have been set.  Authorization cache cannot be obtained.
2020-10-19 23:55:02.716 INFO  org.apache.shiro.realm.AuthorizingRealm Line:248 - No cache or cacheManager properties have been set.  Authorization cache cannot be obtained.
2020-10-19 23:55:02.721 INFO  org.apache.shiro.realm.AuthorizingRealm Line:248 - No cache or cacheManager properties have been set.  Authorization cache cannot be obtained.
2020-10-19 23:55:02.729 INFO  org.apache.shiro.realm.AuthorizingRealm Line:248 - No cache or cacheManager properties have been set.  Authorization cache cannot be obtained.
2020-10-19 23:55:02.733 INFO  org.apache.shiro.realm.AuthorizingRealm Line:248 - No cache or cacheManager properties have been set.  Authorization cache cannot be obtained.
2020-10-19 23:55:02.737 INFO  org.apache.shiro.realm.AuthorizingRealm Line:248 - No cache or cacheManager properties have been set.  Authorization cache cannot be obtained.
2020-10-19 23:55:02.806 INFO  com.yushang.wallpaper.common.config.aop.log.LogAspect Line:61  - REQUEST|PRODUCT_LABEL_LIST|r8jXZ9EjmQdqYBGW|{"size":50,"page":1}
2020-10-19 23:55:02.865 INFO  com.yushang.wallpaper.common.config.aop.log.LogAspect Line:121 - RESPONSE|PRODUCT_LABEL_LIST|r8jXZ9EjmQdqYBGW|{"message":"SUCCESS","rows":[],"status":200,"total":0}
2020-10-19 23:55:10.835 INFO  org.apache.shiro.realm.AuthorizingRealm Line:248 - No cache or cacheManager properties have been set.  Authorization cache cannot be obtained.
2020-10-19 23:55:10.840 INFO  org.apache.shiro.realm.AuthorizingRealm Line:248 - No cache or cacheManager properties have been set.  Authorization cache cannot be obtained.
2020-10-19 23:55:10.844 INFO  org.apache.shiro.realm.AuthorizingRealm Line:248 - No cache or cacheManager properties have been set.  Authorization cache cannot be obtained.
2020-10-19 23:55:10.848 INFO  org.apache.shiro.realm.AuthorizingRealm Line:248 - No cache or cacheManager properties have been set.  Authorization cache cannot be obtained.
2020-10-19 23:55:10.853 INFO  org.apache.shiro.realm.AuthorizingRealm Line:248 - No cache or cacheManager properties have been set.  Authorization cache cannot be obtained.
2020-10-19 23:55:10.858 INFO  org.apache.shiro.realm.AuthorizingRealm Line:248 - No cache or cacheManager properties have been set.  Authorization cache cannot be obtained.
2020-10-19 23:55:10.861 INFO  com.yushang.wallpaper.common.config.aop.log.LogAspect Line:61  - REQUEST|PRODUCT_LABEL_LIST|1XFtRrwND2zl8wBu|{"deleteFlag":1,"size":50,"page":1}
2020-10-19 23:55:10.864 INFO  com.yushang.wallpaper.common.config.aop.log.LogAspect Line:121 - RESPONSE|PRODUCT_LABEL_LIST|1XFtRrwND2zl8wBu|{"message":"SUCCESS","rows":[],"status":200,"total":0}
2020-10-19 23:55:22.793 INFO  org.apache.shiro.realm.AuthorizingRealm Line:248 - No cache or cacheManager properties have been set.  Authorization cache cannot be obtained.
2020-10-19 23:55:22.797 INFO  org.apache.shiro.realm.AuthorizingRealm Line:248 - No cache or cacheManager properties have been set.  Authorization cache cannot be obtained.
2020-10-19 23:55:22.800 INFO  org.apache.shiro.realm.AuthorizingRealm Line:248 - No cache or cacheManager properties have been set.  Authorization cache cannot be obtained.
2020-10-19 23:55:22.804 INFO  org.apache.shiro.realm.AuthorizingRealm Line:248 - No cache or cacheManager properties have been set.  Authorization cache cannot be obtained.
2020-10-19 23:55:22.807 INFO  org.apache.shiro.realm.AuthorizingRealm Line:248 - No cache or cacheManager properties have been set.  Authorization cache cannot be obtained.
2020-10-19 23:55:22.811 INFO  org.apache.shiro.realm.AuthorizingRealm Line:248 - No cache or cacheManager properties have been set.  Authorization cache cannot be obtained.
2020-10-19 23:55:22.814 INFO  com.yushang.wallpaper.common.config.aop.log.LogAspect Line:61  - REQUEST|PRODUCT_LABEL_LIST|H8cZWR3v8DmKdE8Q|{"deleteFlag":1,"size":50,"page":1}
2020-10-19 23:55:30.873 INFO  com.yushang.wallpaper.common.config.aop.log.LogAspect Line:121 - RESPONSE|PRODUCT_LABEL_LIST|H8cZWR3v8DmKdE8Q|{"message":"SUCCESS","rows":[],"status":200,"total":0}
2020-10-19 23:55:42.217 INFO  org.apache.shiro.realm.AuthorizingRealm Line:248 - No cache or cacheManager properties have been set.  Authorization cache cannot be obtained.
2020-10-19 23:55:42.221 INFO  org.apache.shiro.realm.AuthorizingRealm Line:248 - No cache or cacheManager properties have been set.  Authorization cache cannot be obtained.
2020-10-19 23:55:42.228 INFO  org.apache.shiro.realm.AuthorizingRealm Line:248 - No cache or cacheManager properties have been set.  Authorization cache cannot be obtained.
2020-10-19 23:55:42.231 INFO  org.apache.shiro.realm.AuthorizingRealm Line:248 - No cache or cacheManager properties have been set.  Authorization cache cannot be obtained.
2020-10-19 23:55:42.234 INFO  org.apache.shiro.realm.AuthorizingRealm Line:248 - No cache or cacheManager properties have been set.  Authorization cache cannot be obtained.
2020-10-19 23:55:42.244 INFO  org.apache.shiro.realm.AuthorizingRealm Line:248 - No cache or cacheManager properties have been set.  Authorization cache cannot be obtained.
2020-10-19 23:55:42.247 INFO  com.yushang.wallpaper.common.config.aop.log.LogAspect Line:61  - REQUEST|PRODUCT_LABEL_LIST|2EQDZTLObuWtcM9i|{"deleteFlag":1,"size":50,"page":1}
2020-10-19 23:55:50.740 INFO  com.yushang.wallpaper.common.config.aop.log.LogAspect Line:121 - RESPONSE|PRODUCT_LABEL_LIST|2EQDZTLObuWtcM9i|{"message":"SUCCESS","rows":[],"status":200,"total":0}
