2020-10-12 00:34:32.391 INFO  com.yushang.wallpaper.WallpaperApplication Line:50  - Starting WallpaperApplication on LAPTOP-80KEPNBB with PID 9168 (D:\Java\JavaProjects\wallpaper\wallpaper\target\classes started by lenovo in D:\Java\JavaProjects\wallpaper\wallpaper)
2020-10-12 00:34:32.395 INFO  com.yushang.wallpaper.WallpaperApplication Line:679 - The following profiles are active: dev
2020-10-12 00:34:35.374 INFO  org.apache.coyote.http11.Http11NioProtocol Line:173 - Initializing ProtocolHandler ["http-nio-18018"]
2020-10-12 00:34:35.380 INFO  org.apache.catalina.core.StandardService Line:173 - Starting service [Tomcat]
2020-10-12 00:34:35.380 INFO  org.apache.catalina.core.StandardEngine Line:173 - Starting Servlet engine: [Apache Tomcat/9.0.14]
2020-10-12 00:34:35.397 INFO  org.apache.catalina.core.AprLifecycleListener Line:173 - The APR based Apache Tomcat Native library which allows optimal performance in production environments was not found on the java.library.path: [D:\Java\JavaTools\JDK\JDK8\bin;C:\WINDOWS\Sun\Java\bin;C:\WINDOWS\system32;C:\WINDOWS;D:\Java\JavaTools\Xshell7\;C:\Program Files (x86)\Common Files\Oracle\Java\javapath;C:\ProgramData\Oracle\Java\javapath;C:\Windows\system32;C:\Windows;C:\Windows\System32\Wbem;C:\Windows\System32\WindowsPowerShell\v1.0\;C:\Windows\System32\OpenSSH\;C:\Program Files (x86)\NVIDIA Corporation\PhysX\Common;C:\WINDOWS\system32;C:\WINDOWS;C:\WINDOWS\System32\Wbem;C:\WINDOWS\System32\WindowsPowerShell\v1.0\;C:\WINDOWS\System32\OpenSSH\;D:\Java\JavaTools\JDK\JDK8\bin;C:\Program Files\NVIDIA Corporation\NVIDIA NvDLISR;D:\Java\JavaTools\Navicat Premium\mysql-5.6.46-winx64\bin;D:\Java\JavaTools\RabbitMQ\erlang\erl10.7\bin;C:\WINDOWS\system32;C:\WINDOWS;C:\WINDOWS\System32\Wbem;C:\WINDOWS\System32\WindowsPowerShell\v1.0\;C:\WINDOWS\System32\OpenSSH\;D:\Java\JavaTools\Git\Git\cmd;D:\Java\JavaTools\Maven\apache-maven-3.5.3\bin;E:\Java\RailsInstaller\RailsInstaller\Git\cmd;E:\Java\RailsInstaller\RailsInstaller\Ruby2.3.3\bin;C:\Users\lenovo\AppData\Local\Microsoft\WindowsApps;D:\Java\JavaTools\IDEA\IntelliJ IDEA 2018.3.1\bin;;;.]
2020-10-12 00:34:35.503 INFO  org.apache.catalina.core.ContainerBase.[Tomcat].[localhost].[/wallpaper] Line:173 - Initializing Spring embedded WebApplicationContext
2020-10-12 00:34:35.671 INFO  com.zaxxer.hikari.HikariDataSource Line:110 - HikariPool-1 - Starting...
2020-10-12 00:34:35.761 INFO  com.zaxxer.hikari.HikariDataSource Line:123 - HikariPool-1 - Start completed.
2020-10-12 00:34:37.387 INFO  org.quartz.impl.StdSchedulerFactory Line:1208 - Using default implementation for ThreadExecutor
2020-10-12 00:34:37.389 INFO  org.quartz.simpl.SimpleThreadPool Line:268 - Job execution threads will use class loader of thread: restartedMain
2020-10-12 00:34:37.396 INFO  org.quartz.core.SchedulerSignalerImpl Line:61  - Initialized Scheduler Signaller of type: class org.quartz.core.SchedulerSignalerImpl
2020-10-12 00:34:37.396 INFO  org.quartz.core.QuartzScheduler Line:229 - Quartz Scheduler v.2.3.0 created.
2020-10-12 00:34:37.397 INFO  org.quartz.simpl.RAMJobStore Line:155 - RAMJobStore initialized.
2020-10-12 00:34:37.398 INFO  org.quartz.core.QuartzScheduler Line:294 - Scheduler meta-data: Quartz Scheduler (v2.3.0) 'DefaultQuartzScheduler' with instanceId 'NON_CLUSTERED'
  Scheduler class: 'org.quartz.core.QuartzScheduler' - running locally.
  NOT STARTED.
  Currently in standby mode.
  Number of jobs executed: 0
  Using thread pool 'org.quartz.simpl.SimpleThreadPool' - with 10 threads.
  Using job-store 'org.quartz.simpl.RAMJobStore' - which does not support persistence. and is not clustered.

2020-10-12 00:34:37.398 INFO  org.quartz.impl.StdSchedulerFactory Line:1362 - Quartz scheduler 'DefaultQuartzScheduler' initialized from default resource file in Quartz package: 'quartz.properties'
2020-10-12 00:34:37.398 INFO  org.quartz.impl.StdSchedulerFactory Line:1366 - Quartz scheduler version: 2.3.0
2020-10-12 00:34:38.126 INFO  springfox.documentation.spring.web.PropertySourcedRequestMappingHandlerMapping Line:69  - Mapped URL path [/v2/api-docs] onto method [public org.springframework.http.ResponseEntity<springfox.documentation.spring.web.json.Json> springfox.documentation.swagger2.web.Swagger2Controller.getDocumentation(java.lang.String,javax.servlet.http.HttpServletRequest)]
2020-10-12 00:34:39.039 INFO  org.quartz.impl.StdSchedulerFactory Line:1208 - Using default implementation for ThreadExecutor
2020-10-12 00:34:39.040 INFO  org.quartz.core.SchedulerSignalerImpl Line:61  - Initialized Scheduler Signaller of type: class org.quartz.core.SchedulerSignalerImpl
2020-10-12 00:34:39.041 INFO  org.quartz.core.QuartzScheduler Line:229 - Quartz Scheduler v.2.3.0 created.
2020-10-12 00:34:39.041 INFO  org.quartz.simpl.RAMJobStore Line:155 - RAMJobStore initialized.
2020-10-12 00:34:39.041 INFO  org.quartz.core.QuartzScheduler Line:294 - Scheduler meta-data: Quartz Scheduler (v2.3.0) 'quartzScheduler' with instanceId 'NON_CLUSTERED'
  Scheduler class: 'org.quartz.core.QuartzScheduler' - running locally.
  NOT STARTED.
  Currently in standby mode.
  Number of jobs executed: 0
  Using thread pool 'org.quartz.simpl.SimpleThreadPool' - with 10 threads.
  Using job-store 'org.quartz.simpl.RAMJobStore' - which does not support persistence. and is not clustered.

2020-10-12 00:34:39.041 INFO  org.quartz.impl.StdSchedulerFactory Line:1362 - Quartz scheduler 'quartzScheduler' initialized from an externally provided properties instance.
2020-10-12 00:34:39.041 INFO  org.quartz.impl.StdSchedulerFactory Line:1366 - Quartz scheduler version: 2.3.0
2020-10-12 00:34:39.042 INFO  org.quartz.core.QuartzScheduler Line:2287 - JobFactory set to: org.springframework.scheduling.quartz.SpringBeanJobFactory@53728a55
2020-10-12 00:34:39.245 INFO  springfox.documentation.spring.web.plugins.DocumentationPluginsBootstrapper Line:151 - Context refreshed
2020-10-12 00:34:39.261 INFO  springfox.documentation.spring.web.plugins.DocumentationPluginsBootstrapper Line:154 - Found 2 custom documentation plugin(s)
2020-10-12 00:34:39.289 INFO  springfox.documentation.spring.web.scanners.ApiListingReferenceScanner Line:41  - Scanning for api listing references
2020-10-12 00:34:39.388 INFO  springfox.documentation.spring.web.scanners.ApiListingReferenceScanner Line:41  - Scanning for api listing references
2020-10-12 00:34:39.560 INFO  org.quartz.core.QuartzScheduler Line:547 - Scheduler quartzScheduler_$_NON_CLUSTERED started.
2020-10-12 00:34:39.606 INFO  org.quartz.core.QuartzScheduler Line:547 - Scheduler DefaultQuartzScheduler_$_NON_CLUSTERED started.
2020-10-12 00:34:39.608 INFO  org.apache.coyote.http11.Http11NioProtocol Line:173 - Starting ProtocolHandler ["http-nio-18018"]
2020-10-12 00:34:39.636 INFO  com.yushang.wallpaper.WallpaperApplication Line:59  - Started WallpaperApplication in 7.761 seconds (JVM running for 8.983)
2020-10-12 00:34:39.641 INFO  com.yushang.wallpaper.WallpaperApplication Line:19  - ==========================================
2020-10-12 00:34:39.641 INFO  com.yushang.wallpaper.WallpaperApplication Line:20  - ============= 项目启动成功 ===============
2020-10-12 00:34:39.641 INFO  com.yushang.wallpaper.WallpaperApplication Line:21  - ==========================================
2020-10-12 00:34:42.696 INFO  org.apache.catalina.core.ContainerBase.[Tomcat].[localhost].[/wallpaper] Line:173 - Initializing Spring DispatcherServlet 'dispatcherServlet'
2020-10-12 00:34:44.864 INFO  com.yushang.wallpaper.common.config.aop.log.LogAspect Line:61  - REQUEST|USER_LOGIN|oJ5h3yfErRcb9DCF|{"password":"123456","rememberMe":true,"username":"admin"}
2020-10-12 00:34:44.990 INFO  io.lettuce.core.EpollProvider Line:68  - Starting without optional epoll library
2020-10-12 00:34:44.991 INFO  io.lettuce.core.KqueueProvider Line:70  - Starting without optional kqueue library
2020-10-12 00:34:45.784 INFO  com.yushang.wallpaper.common.config.aop.log.LogAspect Line:121 - RESPONSE|USER_LOGIN|oJ5h3yfErRcb9DCF|{"message":"SUCCESS","rows":"/wallpaper/skip/common/index","status":200,"total":0}
2020-10-12 00:34:45.932 INFO  org.apache.shiro.realm.AuthorizingRealm Line:248 - No cache or cacheManager properties have been set.  Authorization cache cannot be obtained.
2020-10-12 00:34:45.945 INFO  org.apache.shiro.realm.AuthorizingRealm Line:248 - No cache or cacheManager properties have been set.  Authorization cache cannot be obtained.
2020-10-12 00:34:45.948 INFO  org.apache.shiro.realm.AuthorizingRealm Line:248 - No cache or cacheManager properties have been set.  Authorization cache cannot be obtained.
2020-10-12 00:34:45.950 INFO  org.apache.shiro.realm.AuthorizingRealm Line:248 - No cache or cacheManager properties have been set.  Authorization cache cannot be obtained.
2020-10-12 00:34:45.953 INFO  org.apache.shiro.realm.AuthorizingRealm Line:248 - No cache or cacheManager properties have been set.  Authorization cache cannot be obtained.
2020-10-12 00:34:45.957 INFO  org.apache.shiro.realm.AuthorizingRealm Line:248 - No cache or cacheManager properties have been set.  Authorization cache cannot be obtained.
2020-10-12 00:34:45.962 INFO  org.apache.shiro.realm.AuthorizingRealm Line:248 - No cache or cacheManager properties have been set.  Authorization cache cannot be obtained.
2020-10-12 00:34:47.087 INFO  org.apache.shiro.realm.AuthorizingRealm Line:248 - No cache or cacheManager properties have been set.  Authorization cache cannot be obtained.
2020-10-12 00:34:47.174 INFO  org.apache.shiro.realm.AuthorizingRealm Line:248 - No cache or cacheManager properties have been set.  Authorization cache cannot be obtained.
2020-10-12 00:34:47.177 INFO  org.apache.shiro.realm.AuthorizingRealm Line:248 - No cache or cacheManager properties have been set.  Authorization cache cannot be obtained.
2020-10-12 00:34:47.182 INFO  org.apache.shiro.realm.AuthorizingRealm Line:248 - No cache or cacheManager properties have been set.  Authorization cache cannot be obtained.
2020-10-12 00:34:47.184 INFO  org.apache.shiro.realm.AuthorizingRealm Line:248 - No cache or cacheManager properties have been set.  Authorization cache cannot be obtained.
2020-10-12 00:34:47.188 INFO  com.yushang.wallpaper.common.config.aop.log.LogAspect Line:61  - REQUEST|MANAGER_LIST|vU0ek5iqmRmEFkWO|{"role":0,"size":30,"page":1,"sort":1,"username":""}
2020-10-12 00:34:47.228 INFO  com.yushang.wallpaper.common.config.aop.log.LogAspect Line:121 - RESPONSE|MANAGER_LIST|vU0ek5iqmRmEFkWO|{"message":"SUCCESS","rows":[{"createTime":1602421439000,"isUse":0,"lastLoginTime":1602434084887,"managerId":1,"password":"9aa75c4d70930277f59d117ce19188b0","salt":"admin","telphone":"15100408798","userNick":"测试员","userRole":1,"username":"admin"}],"status":200,"total":1}
2020-10-12 00:34:53.879 INFO  org.apache.shiro.realm.AuthorizingRealm Line:248 - No cache or cacheManager properties have been set.  Authorization cache cannot be obtained.
2020-10-12 00:34:53.880 INFO  org.apache.shiro.realm.AuthorizingRealm Line:248 - No cache or cacheManager properties have been set.  Authorization cache cannot be obtained.
2020-10-12 00:34:53.882 INFO  org.apache.shiro.realm.AuthorizingRealm Line:248 - No cache or cacheManager properties have been set.  Authorization cache cannot be obtained.
2020-10-12 00:34:53.884 INFO  org.apache.shiro.realm.AuthorizingRealm Line:248 - No cache or cacheManager properties have been set.  Authorization cache cannot be obtained.
2020-10-12 00:34:53.886 INFO  com.yushang.wallpaper.common.config.aop.log.LogAspect Line:61  - REQUEST|DISABLED_MANAGER|okrDBWUDaJGAjgr8|1
2020-10-12 00:34:53.905 INFO  com.yushang.wallpaper.common.config.aop.log.LogAspect Line:121 - RESPONSE|DISABLED_MANAGER|okrDBWUDaJGAjgr8|{"message":"SUCCESS","status":200,"total":1}
2020-10-12 00:34:53.921 INFO  org.apache.shiro.realm.AuthorizingRealm Line:248 - No cache or cacheManager properties have been set.  Authorization cache cannot be obtained.
2020-10-12 00:34:53.923 INFO  org.apache.shiro.realm.AuthorizingRealm Line:248 - No cache or cacheManager properties have been set.  Authorization cache cannot be obtained.
2020-10-12 00:34:53.925 INFO  org.apache.shiro.realm.AuthorizingRealm Line:248 - No cache or cacheManager properties have been set.  Authorization cache cannot be obtained.
2020-10-12 00:34:53.926 INFO  org.apache.shiro.realm.AuthorizingRealm Line:248 - No cache or cacheManager properties have been set.  Authorization cache cannot be obtained.
2020-10-12 00:34:53.927 INFO  com.yushang.wallpaper.common.config.aop.log.LogAspect Line:61  - REQUEST|MANAGER_LIST|IeKMHlU0tpQgqh1f|{"role":0,"size":30,"page":1,"sort":1,"username":""}
2020-10-12 00:34:53.930 INFO  com.yushang.wallpaper.common.config.aop.log.LogAspect Line:121 - RESPONSE|MANAGER_LIST|IeKMHlU0tpQgqh1f|{"message":"SUCCESS","rows":[{"createTime":1602421439000,"isUse":1,"lastLoginTime":1602434093888,"managerId":1,"password":"9aa75c4d70930277f59d117ce19188b0","salt":"admin","telphone":"15100408798","userNick":"测试员","userRole":1,"username":"admin"}],"status":200,"total":1}
2020-10-12 00:34:57.237 INFO  org.apache.shiro.realm.AuthorizingRealm Line:248 - No cache or cacheManager properties have been set.  Authorization cache cannot be obtained.
2020-10-12 00:34:58.879 INFO  com.yushang.wallpaper.common.config.aop.log.LogAspect Line:61  - REQUEST|USER_LOGIN|yCl15xUD8puEcbBG|{"password":"123456","rememberMe":true,"username":"admin"}
2020-10-12 00:34:58.882 INFO  com.yushang.wallpaper.common.config.aop.log.LogAspect Line:121 - RESPONSE|USER_LOGIN|yCl15xUD8puEcbBG|{"message":"账号被禁用","status":400,"total":0}
2020-10-12 00:34:59.797 INFO  com.yushang.wallpaper.common.config.aop.log.LogAspect Line:61  - REQUEST|USER_LOGIN|u4KaEMOkYkzSn9Ik|{"password":"123456","rememberMe":true,"username":"admin"}
2020-10-12 00:34:59.798 INFO  com.yushang.wallpaper.common.config.aop.log.LogAspect Line:121 - RESPONSE|USER_LOGIN|u4KaEMOkYkzSn9Ik|{"message":"账号被禁用","status":400,"total":0}
2020-10-12 00:35:09.496 INFO  com.yushang.wallpaper.common.config.aop.log.LogAspect Line:61  - REQUEST|USER_LOGIN|RFGZUO3HUdGbaURK|{"password":"123456","rememberMe":true,"username":"admin"}
2020-10-12 00:35:09.523 INFO  com.yushang.wallpaper.common.config.aop.log.LogAspect Line:121 - RESPONSE|USER_LOGIN|RFGZUO3HUdGbaURK|{"message":"SUCCESS","rows":"/wallpaper/skip/common/index","status":200,"total":0}
2020-10-12 00:35:09.553 INFO  org.apache.shiro.realm.AuthorizingRealm Line:248 - No cache or cacheManager properties have been set.  Authorization cache cannot be obtained.
2020-10-12 00:35:09.556 INFO  org.apache.shiro.realm.AuthorizingRealm Line:248 - No cache or cacheManager properties have been set.  Authorization cache cannot be obtained.
2020-10-12 00:35:09.557 INFO  org.apache.shiro.realm.AuthorizingRealm Line:248 - No cache or cacheManager properties have been set.  Authorization cache cannot be obtained.
2020-10-12 00:35:09.559 INFO  org.apache.shiro.realm.AuthorizingRealm Line:248 - No cache or cacheManager properties have been set.  Authorization cache cannot be obtained.
2020-10-12 00:35:09.561 INFO  org.apache.shiro.realm.AuthorizingRealm Line:248 - No cache or cacheManager properties have been set.  Authorization cache cannot be obtained.
2020-10-12 00:35:09.563 INFO  org.apache.shiro.realm.AuthorizingRealm Line:248 - No cache or cacheManager properties have been set.  Authorization cache cannot be obtained.
2020-10-12 00:35:09.567 INFO  org.apache.shiro.realm.AuthorizingRealm Line:248 - No cache or cacheManager properties have been set.  Authorization cache cannot be obtained.
2020-10-12 00:35:10.684 INFO  org.apache.shiro.realm.AuthorizingRealm Line:248 - No cache or cacheManager properties have been set.  Authorization cache cannot be obtained.
2020-10-12 00:35:10.745 INFO  org.apache.shiro.realm.AuthorizingRealm Line:248 - No cache or cacheManager properties have been set.  Authorization cache cannot be obtained.
2020-10-12 00:35:10.746 INFO  org.apache.shiro.realm.AuthorizingRealm Line:248 - No cache or cacheManager properties have been set.  Authorization cache cannot be obtained.
2020-10-12 00:35:10.748 INFO  org.apache.shiro.realm.AuthorizingRealm Line:248 - No cache or cacheManager properties have been set.  Authorization cache cannot be obtained.
2020-10-12 00:35:10.750 INFO  org.apache.shiro.realm.AuthorizingRealm Line:248 - No cache or cacheManager properties have been set.  Authorization cache cannot be obtained.
2020-10-12 00:35:10.751 INFO  com.yushang.wallpaper.common.config.aop.log.LogAspect Line:61  - REQUEST|MANAGER_LIST|zhb6SvqqLcKvMQwi|{"role":0,"size":30,"page":1,"sort":1,"username":""}
2020-10-12 00:35:10.756 INFO  com.yushang.wallpaper.common.config.aop.log.LogAspect Line:121 - RESPONSE|MANAGER_LIST|zhb6SvqqLcKvMQwi|{"message":"SUCCESS","rows":[{"createTime":1602421439000,"isUse":0,"lastLoginTime":1602434109505,"managerId":1,"password":"9aa75c4d70930277f59d117ce19188b0","salt":"admin","telphone":"15100408798","userNick":"测试员","userRole":1,"username":"admin"}],"status":200,"total":1}
2020-10-12 00:35:13.059 INFO  org.apache.shiro.realm.AuthorizingRealm Line:248 - No cache or cacheManager properties have been set.  Authorization cache cannot be obtained.
2020-10-12 00:35:13.060 INFO  org.apache.shiro.realm.AuthorizingRealm Line:248 - No cache or cacheManager properties have been set.  Authorization cache cannot be obtained.
2020-10-12 00:35:13.065 INFO  org.apache.shiro.realm.AuthorizingRealm Line:248 - No cache or cacheManager properties have been set.  Authorization cache cannot be obtained.
2020-10-12 00:35:13.066 INFO  org.apache.shiro.realm.AuthorizingRealm Line:248 - No cache or cacheManager properties have been set.  Authorization cache cannot be obtained.
2020-10-12 00:35:13.067 INFO  com.yushang.wallpaper.common.config.aop.log.LogAspect Line:61  - REQUEST|DISABLED_MANAGER|64Jb1NPVnPNF90fg|1
2020-10-12 00:35:13.080 INFO  com.yushang.wallpaper.common.config.aop.log.LogAspect Line:121 - RESPONSE|DISABLED_MANAGER|64Jb1NPVnPNF90fg|{"message":"SUCCESS","status":200,"total":1}
2020-10-12 00:35:13.095 INFO  org.apache.shiro.realm.AuthorizingRealm Line:248 - No cache or cacheManager properties have been set.  Authorization cache cannot be obtained.
2020-10-12 00:35:13.096 INFO  org.apache.shiro.realm.AuthorizingRealm Line:248 - No cache or cacheManager properties have been set.  Authorization cache cannot be obtained.
2020-10-12 00:35:13.098 INFO  org.apache.shiro.realm.AuthorizingRealm Line:248 - No cache or cacheManager properties have been set.  Authorization cache cannot be obtained.
2020-10-12 00:35:13.099 INFO  org.apache.shiro.realm.AuthorizingRealm Line:248 - No cache or cacheManager properties have been set.  Authorization cache cannot be obtained.
2020-10-12 00:35:13.100 INFO  com.yushang.wallpaper.common.config.aop.log.LogAspect Line:61  - REQUEST|MANAGER_LIST|c5DPd5YBo7MLiSC5|{"role":0,"size":30,"page":1,"sort":1,"username":""}
2020-10-12 00:35:13.103 INFO  com.yushang.wallpaper.common.config.aop.log.LogAspect Line:121 - RESPONSE|MANAGER_LIST|c5DPd5YBo7MLiSC5|{"message":"SUCCESS","rows":[{"createTime":1602421439000,"isUse":1,"lastLoginTime":1602434113068,"managerId":1,"password":"9aa75c4d70930277f59d117ce19188b0","salt":"admin","telphone":"15100408798","userNick":"测试员","userRole":1,"username":"admin"}],"status":200,"total":1}
2020-10-12 00:35:16.486 INFO  org.apache.shiro.realm.AuthorizingRealm Line:248 - No cache or cacheManager properties have been set.  Authorization cache cannot be obtained.
2020-10-12 00:35:16.543 INFO  org.apache.shiro.realm.AuthorizingRealm Line:248 - No cache or cacheManager properties have been set.  Authorization cache cannot be obtained.
2020-10-12 00:35:18.914 INFO  org.apache.shiro.realm.AuthorizingRealm Line:248 - No cache or cacheManager properties have been set.  Authorization cache cannot be obtained.
2020-10-12 00:35:18.968 INFO  org.apache.shiro.realm.AuthorizingRealm Line:248 - No cache or cacheManager properties have been set.  Authorization cache cannot be obtained.
2020-10-12 00:35:18.970 INFO  org.apache.shiro.realm.AuthorizingRealm Line:248 - No cache or cacheManager properties have been set.  Authorization cache cannot be obtained.
2020-10-12 00:35:18.971 INFO  org.apache.shiro.realm.AuthorizingRealm Line:248 - No cache or cacheManager properties have been set.  Authorization cache cannot be obtained.
2020-10-12 00:35:18.973 INFO  org.apache.shiro.realm.AuthorizingRealm Line:248 - No cache or cacheManager properties have been set.  Authorization cache cannot be obtained.
2020-10-12 00:35:18.973 INFO  com.yushang.wallpaper.common.config.aop.log.LogAspect Line:61  - REQUEST|MANAGER_LIST|g4njE6H37QiLbzCq|{"role":0,"size":30,"page":1,"sort":1,"username":""}
2020-10-12 00:35:18.978 INFO  com.yushang.wallpaper.common.config.aop.log.LogAspect Line:121 - RESPONSE|MANAGER_LIST|g4njE6H37QiLbzCq|{"message":"SUCCESS","rows":[{"createTime":1602421439000,"isUse":1,"lastLoginTime":1602434113068,"managerId":1,"password":"9aa75c4d70930277f59d117ce19188b0","salt":"admin","telphone":"15100408798","userNick":"测试员","userRole":1,"username":"admin"}],"status":200,"total":1}
2020-10-12 00:35:34.052 INFO  org.apache.shiro.realm.AuthorizingRealm Line:248 - No cache or cacheManager properties have been set.  Authorization cache cannot be obtained.
2020-10-12 00:35:34.053 INFO  org.apache.shiro.realm.AuthorizingRealm Line:248 - No cache or cacheManager properties have been set.  Authorization cache cannot be obtained.
2020-10-12 00:35:34.056 INFO  org.apache.shiro.realm.AuthorizingRealm Line:248 - No cache or cacheManager properties have been set.  Authorization cache cannot be obtained.
2020-10-12 00:35:34.057 INFO  org.apache.shiro.realm.AuthorizingRealm Line:248 - No cache or cacheManager properties have been set.  Authorization cache cannot be obtained.
2020-10-12 00:35:34.058 INFO  org.apache.shiro.realm.AuthorizingRealm Line:248 - No cache or cacheManager properties have been set.  Authorization cache cannot be obtained.
2020-10-12 00:35:34.060 INFO  org.apache.shiro.realm.AuthorizingRealm Line:248 - No cache or cacheManager properties have been set.  Authorization cache cannot be obtained.
2020-10-12 00:35:34.062 INFO  org.apache.shiro.realm.AuthorizingRealm Line:248 - No cache or cacheManager properties have been set.  Authorization cache cannot be obtained.
2020-10-12 00:35:35.151 INFO  org.apache.shiro.realm.AuthorizingRealm Line:248 - No cache or cacheManager properties have been set.  Authorization cache cannot be obtained.
2020-10-12 00:35:35.215 INFO  org.apache.shiro.realm.AuthorizingRealm Line:248 - No cache or cacheManager properties have been set.  Authorization cache cannot be obtained.
2020-10-12 00:35:35.216 INFO  org.apache.shiro.realm.AuthorizingRealm Line:248 - No cache or cacheManager properties have been set.  Authorization cache cannot be obtained.
2020-10-12 00:35:35.218 INFO  org.apache.shiro.realm.AuthorizingRealm Line:248 - No cache or cacheManager properties have been set.  Authorization cache cannot be obtained.
2020-10-12 00:35:35.219 INFO  org.apache.shiro.realm.AuthorizingRealm Line:248 - No cache or cacheManager properties have been set.  Authorization cache cannot be obtained.
2020-10-12 00:35:35.221 INFO  com.yushang.wallpaper.common.config.aop.log.LogAspect Line:61  - REQUEST|MANAGER_LIST|P6LRxMVOlMBtDLps|{"role":0,"size":30,"page":1,"sort":1,"username":""}
2020-10-12 00:35:35.225 INFO  com.yushang.wallpaper.common.config.aop.log.LogAspect Line:121 - RESPONSE|MANAGER_LIST|P6LRxMVOlMBtDLps|{"message":"SUCCESS","rows":[{"createTime":1602421439000,"isUse":1,"lastLoginTime":1602434113068,"managerId":1,"password":"9aa75c4d70930277f59d117ce19188b0","salt":"admin","telphone":"15100408798","userNick":"测试员","userRole":1,"username":"admin"}],"status":200,"total":1}
2020-10-12 00:35:43.160 INFO  org.apache.shiro.realm.AuthorizingRealm Line:248 - No cache or cacheManager properties have been set.  Authorization cache cannot be obtained.
2020-10-12 00:35:43.161 INFO  org.apache.shiro.realm.AuthorizingRealm Line:248 - No cache or cacheManager properties have been set.  Authorization cache cannot be obtained.
2020-10-12 00:35:43.162 INFO  org.apache.shiro.realm.AuthorizingRealm Line:248 - No cache or cacheManager properties have been set.  Authorization cache cannot be obtained.
2020-10-12 00:35:43.163 INFO  org.apache.shiro.realm.AuthorizingRealm Line:248 - No cache or cacheManager properties have been set.  Authorization cache cannot be obtained.
2020-10-12 00:35:43.164 INFO  com.yushang.wallpaper.common.config.aop.log.LogAspect Line:61  - REQUEST|OPEN_MANAGER|9mSrycRrZYvOl0rX|1
2020-10-12 00:35:43.177 INFO  com.yushang.wallpaper.common.config.aop.log.LogAspect Line:121 - RESPONSE|OPEN_MANAGER|9mSrycRrZYvOl0rX|{"message":"SUCCESS","status":200,"total":1}
2020-10-12 00:35:43.191 INFO  org.apache.shiro.realm.AuthorizingRealm Line:248 - No cache or cacheManager properties have been set.  Authorization cache cannot be obtained.
2020-10-12 00:35:43.192 INFO  org.apache.shiro.realm.AuthorizingRealm Line:248 - No cache or cacheManager properties have been set.  Authorization cache cannot be obtained.
2020-10-12 00:35:43.194 INFO  org.apache.shiro.realm.AuthorizingRealm Line:248 - No cache or cacheManager properties have been set.  Authorization cache cannot be obtained.
2020-10-12 00:35:43.195 INFO  org.apache.shiro.realm.AuthorizingRealm Line:248 - No cache or cacheManager properties have been set.  Authorization cache cannot be obtained.
2020-10-12 00:35:43.196 INFO  com.yushang.wallpaper.common.config.aop.log.LogAspect Line:61  - REQUEST|MANAGER_LIST|n4rBHb77hauMIOBN|{"role":0,"size":30,"page":1,"sort":1,"username":""}
2020-10-12 00:35:43.199 INFO  com.yushang.wallpaper.common.config.aop.log.LogAspect Line:121 - RESPONSE|MANAGER_LIST|n4rBHb77hauMIOBN|{"message":"SUCCESS","rows":[{"createTime":1602421439000,"isUse":0,"lastLoginTime":1602434143165,"managerId":1,"password":"9aa75c4d70930277f59d117ce19188b0","salt":"admin","telphone":"15100408798","userNick":"测试员","userRole":1,"username":"admin"}],"status":200,"total":1}
